{"D:\\Obsidian\\Obsidian Vault\\.obsidian\\plugins\\obsidian-pretext\\build.js": {"path":"D:\\Obsidian\\Obsidian Vault\\.obsidian\\plugins\\obsidian-pretext\\build.js","all":true,"statementMap":{"0":{"start":{"line":1,"column":0},"end":{"line":1,"column":35}},"1":{"start":{"line":2,"column":0},"end":{"line":2,"column":25}},"2":{"start":{"line":3,"column":0},"end":{"line":3,"column":0}},"3":{"start":{"line":4,"column":0},"end":{"line":4,"column":22}},"4":{"start":{"line":5,"column":0},"end":{"line":5,"column":73}},"5":{"start":{"line":6,"column":0},"end":{"line":6,"column":0}},"6":{"start":{"line":7,"column":0},"end":{"line":7,"column":16}},"7":{"start":{"line":8,"column":0},"end":{"line":8,"column":15}},"8":{"start":{"line":9,"column":0},"end":{"line":9,"column":27}},"9":{"start":{"line":10,"column":0},"end":{"line":10,"column":15}},"10":{"start":{"line":11,"column":0},"end":{"line":11,"column":21}},"11":{"start":{"line":12,"column":0},"end":{"line":12,"column":66}},"12":{"start":{"line":13,"column":0},"end":{"line":13,"column":16}},"13":{"start":{"line":14,"column":0},"end":{"line":14,"column":19}},"14":{"start":{"line":15,"column":0},"end":{"line":15,"column":11}},"15":{"start":{"line":16,"column":0},"end":{"line":16,"column":58}},"16":{"start":{"line":17,"column":0},"end":{"line":17,"column":4}},"17":{"start":{"line":18,"column":0},"end":{"line":18,"column":16}},"18":{"start":{"line":19,"column":0},"end":{"line":19,"column":20}},"19":{"start":{"line":20,"column":0},"end":{"line":20,"column":0}},"20":{"start":{"line":21,"column":0},"end":{"line":21,"column":18}},"21":{"start":{"line":22,"column":0},"end":{"line":22,"column":32}}},"s":{"0":0,"1":0,"2":0,"3":0,"4":0,"5":0,"6":0,"7":0,"8":0,"9":0,"10":0,"11":0,"12":0,"13":0,"14":0,"15":0,"16":0,"17":0,"18":0,"19":0,"20":0,"21":0},"branchMap":{"0":{"type":"branch","line":1,"loc":{"start":{"line":1,"column":0},"end":{"line":22,"column":32}},"locations":[{"start":{"line":1,"column":0},"end":{"line":22,"column":32}}]}},"b":{"0":[0]},"fnMap":{"0":{"name":"(empty-report)","decl":{"start":{"line":1,"column":0},"end":{"line":22,"column":32}},"loc":{"start":{"line":1,"column":0},"end":{"line":22,"column":32}},"line":1}},"f":{"0":0}}
,"D:\\Obsidian\\Obsidian Vault\\.obsidian\\plugins\\obsidian-pretext\\main.js": {"path":"D:\\Obsidian\\Obsidian Vault\\.obsidian\\plugins\\obsidian-pretext\\main.js","all":true,"statementMap":{"0":{"start":{"line":1,"column":0},"end":{"line":1,"column":13}},"1":{"start":{"line":2,"column":0},"end":{"line":2,"column":38}},"2":{"start":{"line":3,"column":0},"end":{"line":3,"column":55}},"3":{"start":{"line":4,"column":0},"end":{"line":4,"column":51}},"4":{"start":{"line":5,"column":0},"end":{"line":5,"column":51}},"5":{"start":{"line":6,"column":0},"end":{"line":6,"column":33}},"6":{"start":{"line":7,"column":0},"end":{"line":7,"column":23}},"7":{"start":{"line":8,"column":0},"end":{"line":8,"column":66}},"8":{"start":{"line":9,"column":0},"end":{"line":9,"column":2}},"9":{"start":{"line":10,"column":0},"end":{"line":10,"column":47}},"10":{"start":{"line":11,"column":0},"end":{"line":11,"column":71}},"11":{"start":{"line":12,"column":0},"end":{"line":12,"column":44}},"12":{"start":{"line":13,"column":0},"end":{"line":13,"column":56}},"13":{"start":{"line":14,"column":0},"end":{"line":14,"column":123}},"14":{"start":{"line":15,"column":0},"end":{"line":15,"column":3}},"15":{"start":{"line":16,"column":0},"end":{"line":16,"column":12}},"16":{"start":{"line":17,"column":0},"end":{"line":17,"column":2}},"17":{"start":{"line":18,"column":0},"end":{"line":18,"column":91}},"18":{"start":{"line":19,"column":0},"end":{"line":19,"column":0}},"19":{"start":{"line":20,"column":0},"end":{"line":20,"column":10}},"20":{"start":{"line":21,"column":0},"end":{"line":21,"column":22}},"21":{"start":{"line":22,"column":0},"end":{"line":22,"column":24}},"22":{"start":{"line":23,"column":0},"end":{"line":23,"column":38}},"23":{"start":{"line":24,"column":0},"end":{"line":24,"column":3}},"24":{"start":{"line":25,"column":0},"end":{"line":25,"column":44}},"25":{"start":{"line":26,"column":0},"end":{"line":26,"column":42}},"26":{"start":{"line":27,"column":0},"end":{"line":27,"column":0}},"27":{"start":{"line":28,"column":0},"end":{"line":28,"column":24}},"28":{"start":{"line":29,"column":0},"end":{"line":29,"column":28}},"29":{"start":{"line":30,"column":0},"end":{"line":30,"column":22}},"30":{"start":{"line":31,"column":0},"end":{"line":31,"column":24}},"31":{"start":{"line":32,"column":0},"end":{"line":32,"column":28}},"32":{"start":{"line":33,"column":0},"end":{"line":33,"column":23}},"33":{"start":{"line":34,"column":0},"end":{"line":34,"column":3}},"34":{"start":{"line":35,"column":0},"end":{"line":35,"column":22}},"35":{"start":{"line":36,"column":0},"end":{"line":36,"column":24}},"36":{"start":{"line":37,"column":0},"end":{"line":37,"column":29}},"37":{"start":{"line":38,"column":0},"end":{"line":38,"column":33}},"38":{"start":{"line":39,"column":0},"end":{"line":39,"column":65}},"39":{"start":{"line":40,"column":0},"end":{"line":40,"column":73}},"40":{"start":{"line":41,"column":0},"end":{"line":41,"column":5}},"41":{"start":{"line":42,"column":0},"end":{"line":42,"column":25}},"42":{"start":{"line":43,"column":0},"end":{"line":43,"column":25}},"43":{"start":{"line":44,"column":0},"end":{"line":44,"column":75}},"44":{"start":{"line":45,"column":0},"end":{"line":45,"column":18}},"45":{"start":{"line":46,"column":0},"end":{"line":46,"column":5}},"46":{"start":{"line":47,"column":0},"end":{"line":47,"column":27}},"47":{"start":{"line":48,"column":0},"end":{"line":48,"column":89}},"48":{"start":{"line":49,"column":0},"end":{"line":49,"column":17}},"49":{"start":{"line":50,"column":0},"end":{"line":50,"column":3}},"50":{"start":{"line":51,"column":0},"end":{"line":51,"column":23}},"51":{"start":{"line":52,"column":0},"end":{"line":52,"column":53}},"52":{"start":{"line":53,"column":0},"end":{"line":53,"column":9}},"53":{"start":{"line":54,"column":0},"end":{"line":54,"column":60}},"54":{"start":{"line":55,"column":0},"end":{"line":55,"column":28}},"55":{"start":{"line":56,"column":0},"end":{"line":56,"column":9}},"56":{"start":{"line":57,"column":0},"end":{"line":57,"column":19}},"57":{"start":{"line":58,"column":0},"end":{"line":58,"column":62}},"58":{"start":{"line":59,"column":0},"end":{"line":59,"column":18}},"59":{"start":{"line":60,"column":0},"end":{"line":60,"column":5}},"60":{"start":{"line":61,"column":0},"end":{"line":61,"column":3}},"61":{"start":{"line":62,"column":0},"end":{"line":62,"column":42}},"62":{"start":{"line":63,"column":0},"end":{"line":63,"column":66}},"63":{"start":{"line":64,"column":0},"end":{"line":64,"column":9}},"64":{"start":{"line":65,"column":0},"end":{"line":65,"column":67}},"65":{"start":{"line":66,"column":0},"end":{"line":66,"column":19}},"66":{"start":{"line":67,"column":0},"end":{"line":67,"column":61}},"67":{"start":{"line":68,"column":0},"end":{"line":68,"column":18}},"68":{"start":{"line":69,"column":0},"end":{"line":69,"column":5}},"69":{"start":{"line":70,"column":0},"end":{"line":70,"column":3}},"70":{"start":{"line":71,"column":0},"end":{"line":71,"column":51}},"71":{"start":{"line":72,"column":0},"end":{"line":72,"column":66}},"72":{"start":{"line":73,"column":0},"end":{"line":73,"column":9}},"73":{"start":{"line":74,"column":0},"end":{"line":74,"column":76}},"74":{"start":{"line":75,"column":0},"end":{"line":75,"column":19}},"75":{"start":{"line":76,"column":0},"end":{"line":76,"column":70}},"76":{"start":{"line":77,"column":0},"end":{"line":77,"column":18}},"77":{"start":{"line":78,"column":0},"end":{"line":78,"column":5}},"78":{"start":{"line":79,"column":0},"end":{"line":79,"column":3}},"79":{"start":{"line":80,"column":0},"end":{"line":80,"column":46}},"80":{"start":{"line":81,"column":0},"end":{"line":81,"column":61}},"81":{"start":{"line":82,"column":0},"end":{"line":82,"column":9}},"82":{"start":{"line":83,"column":0},"end":{"line":83,"column":64}},"83":{"start":{"line":84,"column":0},"end":{"line":84,"column":19}},"84":{"start":{"line":85,"column":0},"end":{"line":85,"column":69}},"85":{"start":{"line":86,"column":0},"end":{"line":86,"column":5}},"86":{"start":{"line":87,"column":0},"end":{"line":87,"column":3}},"87":{"start":{"line":88,"column":0},"end":{"line":88,"column":16}},"88":{"start":{"line":89,"column":0},"end":{"line":89,"column":23}},"89":{"start":{"line":90,"column":0},"end":{"line":90,"column":40}},"90":{"start":{"line":91,"column":0},"end":{"line":91,"column":34}},"91":{"start":{"line":92,"column":0},"end":{"line":92,"column":5}},"92":{"start":{"line":93,"column":0},"end":{"line":93,"column":3}},"93":{"start":{"line":94,"column":0},"end":{"line":94,"column":13}},"94":{"start":{"line":95,"column":0},"end":{"line":95,"column":23}},"95":{"start":{"line":96,"column":0},"end":{"line":96,"column":3}},"96":{"start":{"line":97,"column":0},"end":{"line":97,"column":15}},"97":{"start":{"line":98,"column":0},"end":{"line":98,"column":27}},"98":{"start":{"line":99,"column":0},"end":{"line":99,"column":3}},"99":{"start":{"line":100,"column":0},"end":{"line":100,"column":2}},"100":{"start":{"line":101,"column":0},"end":{"line":101,"column":0}},"101":{"start":{"line":102,"column":0},"end":{"line":102,"column":26}},"102":{"start":{"line":103,"column":0},"end":{"line":103,"column":26}},"103":{"start":{"line":104,"column":0},"end":{"line":104,"column":24}},"104":{"start":{"line":105,"column":0},"end":{"line":105,"column":40}},"105":{"start":{"line":106,"column":0},"end":{"line":106,"column":30}},"106":{"start":{"line":107,"column":0},"end":{"line":107,"column":37}},"107":{"start":{"line":108,"column":0},"end":{"line":108,"column":3}},"108":{"start":{"line":109,"column":0},"end":{"line":109,"column":35}},"109":{"start":{"line":110,"column":0},"end":{"line":110,"column":1}},"110":{"start":{"line":111,"column":0},"end":{"line":111,"column":30}},"111":{"start":{"line":112,"column":0},"end":{"line":112,"column":30}},"112":{"start":{"line":113,"column":0},"end":{"line":113,"column":43}},"113":{"start":{"line":114,"column":0},"end":{"line":114,"column":27}},"114":{"start":{"line":115,"column":0},"end":{"line":115,"column":3}},"115":{"start":{"line":116,"column":0},"end":{"line":116,"column":73}},"116":{"start":{"line":117,"column":0},"end":{"line":117,"column":38}},"117":{"start":{"line":118,"column":0},"end":{"line":118,"column":91}},"118":{"start":{"line":119,"column":0},"end":{"line":119,"column":3}},"119":{"start":{"line":120,"column":0},"end":{"line":120,"column":69}},"120":{"start":{"line":121,"column":0},"end":{"line":121,"column":91}},"121":{"start":{"line":122,"column":0},"end":{"line":122,"column":38}},"122":{"start":{"line":123,"column":0},"end":{"line":123,"column":16}},"123":{"start":{"line":124,"column":0},"end":{"line":124,"column":29}},"124":{"start":{"line":125,"column":0},"end":{"line":125,"column":33}},"125":{"start":{"line":126,"column":0},"end":{"line":126,"column":25}},"126":{"start":{"line":127,"column":0},"end":{"line":127,"column":5}},"127":{"start":{"line":128,"column":0},"end":{"line":128,"column":16}},"128":{"start":{"line":129,"column":0},"end":{"line":129,"column":3}},"129":{"start":{"line":130,"column":0},"end":{"line":130,"column":76}},"130":{"start":{"line":131,"column":0},"end":{"line":131,"column":91}},"131":{"start":{"line":132,"column":0},"end":{"line":132,"column":30}},"132":{"start":{"line":133,"column":0},"end":{"line":133,"column":29}},"133":{"start":{"line":134,"column":0},"end":{"line":134,"column":49}},"134":{"start":{"line":135,"column":0},"end":{"line":135,"column":25}},"135":{"start":{"line":136,"column":0},"end":{"line":136,"column":5}},"136":{"start":{"line":137,"column":0},"end":{"line":137,"column":35}},"137":{"start":{"line":138,"column":0},"end":{"line":138,"column":3}},"138":{"start":{"line":139,"column":0},"end":{"line":139,"column":17}},"139":{"start":{"line":140,"column":0},"end":{"line":140,"column":32}},"140":{"start":{"line":141,"column":0},"end":{"line":141,"column":13}},"141":{"start":{"line":142,"column":0},"end":{"line":142,"column":5}},"142":{"start":{"line":143,"column":0},"end":{"line":143,"column":53}},"143":{"start":{"line":144,"column":0},"end":{"line":144,"column":20}},"144":{"start":{"line":145,"column":0},"end":{"line":145,"column":35}},"145":{"start":{"line":146,"column":0},"end":{"line":146,"column":5}},"146":{"start":{"line":147,"column":0},"end":{"line":147,"column":3}},"147":{"start":{"line":148,"column":0},"end":{"line":148,"column":11}},"148":{"start":{"line":149,"column":0},"end":{"line":149,"column":23}},"149":{"start":{"line":150,"column":0},"end":{"line":150,"column":3}},"150":{"start":{"line":151,"column":0},"end":{"line":151,"column":14}},"151":{"start":{"line":152,"column":0},"end":{"line":152,"column":27}},"152":{"start":{"line":153,"column":0},"end":{"line":153,"column":3}},"153":{"start":{"line":154,"column":0},"end":{"line":154,"column":2}},"154":{"start":{"line":155,"column":0},"end":{"line":155,"column":0}},"155":{"start":{"line":156,"column":0},"end":{"line":156,"column":27}},"156":{"start":{"line":157,"column":0},"end":{"line":157,"column":37}},"157":{"start":{"line":158,"column":0},"end":{"line":158,"column":44}},"158":{"start":{"line":159,"column":0},"end":{"line":159,"column":52}},"159":{"start":{"line":160,"column":0},"end":{"line":160,"column":68}},"160":{"start":{"line":161,"column":0},"end":{"line":161,"column":52}},"161":{"start":{"line":162,"column":0},"end":{"line":162,"column":59}},"162":{"start":{"line":163,"column":0},"end":{"line":163,"column":48}},"163":{"start":{"line":164,"column":0},"end":{"line":164,"column":46}},"164":{"start":{"line":165,"column":0},"end":{"line":165,"column":21}},"165":{"start":{"line":166,"column":0},"end":{"line":166,"column":48}},"166":{"start":{"line":167,"column":0},"end":{"line":167,"column":39}},"167":{"start":{"line":168,"column":0},"end":{"line":168,"column":3}},"168":{"start":{"line":169,"column":0},"end":{"line":169,"column":10}},"169":{"start":{"line":170,"column":0},"end":{"line":170,"column":15}},"170":{"start":{"line":171,"column":0},"end":{"line":171,"column":13}},"171":{"start":{"line":172,"column":0},"end":{"line":172,"column":15}},"172":{"start":{"line":173,"column":0},"end":{"line":173,"column":14}},"173":{"start":{"line":174,"column":0},"end":{"line":174,"column":4}},"174":{"start":{"line":175,"column":0},"end":{"line":175,"column":1}},"175":{"start":{"line":176,"column":0},"end":{"line":176,"column":32}},"176":{"start":{"line":177,"column":0},"end":{"line":177,"column":31}},"177":{"start":{"line":178,"column":0},"end":{"line":178,"column":1}},"178":{"start":{"line":179,"column":0},"end":{"line":179,"column":0}},"179":{"start":{"line":180,"column":0},"end":{"line":180,"column":37}},"180":{"start":{"line":181,"column":0},"end":{"line":181,"column":23}},"181":{"start":{"line":182,"column":0},"end":{"line":182,"column":13}},"182":{"start":{"line":183,"column":0},"end":{"line":183,"column":21}},"183":{"start":{"line":184,"column":0},"end":{"line":184,"column":36}},"184":{"start":{"line":185,"column":0},"end":{"line":185,"column":35}},"185":{"start":{"line":186,"column":0},"end":{"line":186,"column":23}},"186":{"start":{"line":187,"column":0},"end":{"line":187,"column":15}},"187":{"start":{"line":188,"column":0},"end":{"line":188,"column":35}},"188":{"start":{"line":189,"column":0},"end":{"line":189,"column":12}},"189":{"start":{"line":190,"column":0},"end":{"line":190,"column":2}},"190":{"start":{"line":191,"column":0},"end":{"line":191,"column":69}},"191":{"start":{"line":192,"column":0},"end":{"line":192,"column":65}},"192":{"start":{"line":193,"column":0},"end":{"line":193,"column":11}},"193":{"start":{"line":194,"column":0},"end":{"line":194,"column":3}},"194":{"start":{"line":195,"column":0},"end":{"line":195,"column":36}},"195":{"start":{"line":196,"column":0},"end":{"line":196,"column":41}},"196":{"start":{"line":197,"column":0},"end":{"line":197,"column":11}},"197":{"start":{"line":198,"column":0},"end":{"line":198,"column":3}},"198":{"start":{"line":199,"column":0},"end":{"line":199,"column":42}},"199":{"start":{"line":200,"column":0},"end":{"line":200,"column":55}},"200":{"start":{"line":201,"column":0},"end":{"line":201,"column":57}},"201":{"start":{"line":202,"column":0},"end":{"line":202,"column":27}},"202":{"start":{"line":203,"column":0},"end":{"line":203,"column":9}},"203":{"start":{"line":204,"column":0},"end":{"line":204,"column":20}},"204":{"start":{"line":205,"column":0},"end":{"line":205,"column":18}},"205":{"start":{"line":206,"column":0},"end":{"line":206,"column":20}},"206":{"start":{"line":207,"column":0},"end":{"line":207,"column":13}},"207":{"start":{"line":208,"column":0},"end":{"line":208,"column":18}},"208":{"start":{"line":209,"column":0},"end":{"line":209,"column":4}},"209":{"start":{"line":210,"column":0},"end":{"line":210,"column":15}},"210":{"start":{"line":211,"column":0},"end":{"line":211,"column":46}},"211":{"start":{"line":212,"column":0},"end":{"line":212,"column":56}},"212":{"start":{"line":213,"column":0},"end":{"line":213,"column":60}},"213":{"start":{"line":214,"column":0},"end":{"line":214,"column":11}},"214":{"start":{"line":215,"column":0},"end":{"line":215,"column":3}},"215":{"start":{"line":216,"column":0},"end":{"line":216,"column":54}},"216":{"start":{"line":217,"column":0},"end":{"line":217,"column":18}},"217":{"start":{"line":218,"column":0},"end":{"line":218,"column":11}},"218":{"start":{"line":219,"column":0},"end":{"line":219,"column":3}},"219":{"start":{"line":220,"column":0},"end":{"line":220,"column":75}},"220":{"start":{"line":221,"column":0},"end":{"line":221,"column":16}},"221":{"start":{"line":222,"column":0},"end":{"line":222,"column":11}},"222":{"start":{"line":223,"column":0},"end":{"line":223,"column":3}},"223":{"start":{"line":224,"column":0},"end":{"line":224,"column":12}},"224":{"start":{"line":225,"column":0},"end":{"line":225,"column":9}},"225":{"start":{"line":226,"column":0},"end":{"line":226,"column":20}},"226":{"start":{"line":227,"column":0},"end":{"line":227,"column":18}},"227":{"start":{"line":228,"column":0},"end":{"line":228,"column":20}},"228":{"start":{"line":229,"column":0},"end":{"line":229,"column":13}},"229":{"start":{"line":230,"column":0},"end":{"line":230,"column":19}},"230":{"start":{"line":231,"column":0},"end":{"line":231,"column":10}},"231":{"start":{"line":232,"column":0},"end":{"line":232,"column":4}},"232":{"start":{"line":233,"column":0},"end":{"line":233,"column":44}},"233":{"start":{"line":234,"column":0},"end":{"line":234,"column":52}},"234":{"start":{"line":235,"column":0},"end":{"line":235,"column":66}},"235":{"start":{"line":236,"column":0},"end":{"line":236,"column":58}},"236":{"start":{"line":237,"column":0},"end":{"line":237,"column":1}},"237":{"start":{"line":238,"column":0},"end":{"line":238,"column":0}},"238":{"start":{"line":239,"column":0},"end":{"line":239,"column":37}},"239":{"start":{"line":240,"column":0},"end":{"line":240,"column":61}},"240":{"start":{"line":241,"column":0},"end":{"line":241,"column":32}},"241":{"start":{"line":242,"column":0},"end":{"line":242,"column":36}},"242":{"start":{"line":243,"column":0},"end":{"line":243,"column":13}},"243":{"start":{"line":244,"column":0},"end":{"line":244,"column":5}},"244":{"start":{"line":245,"column":0},"end":{"line":245,"column":45}},"245":{"start":{"line":246,"column":0},"end":{"line":246,"column":58}},"246":{"start":{"line":247,"column":0},"end":{"line":247,"column":79}},"247":{"start":{"line":248,"column":0},"end":{"line":248,"column":5}},"248":{"start":{"line":249,"column":0},"end":{"line":249,"column":4}},"249":{"start":{"line":250,"column":0},"end":{"line":250,"column":1}},"250":{"start":{"line":251,"column":0},"end":{"line":251,"column":0}},"251":{"start":{"line":252,"column":0},"end":{"line":252,"column":35}},"252":{"start":{"line":253,"column":0},"end":{"line":253,"column":27}},"253":{"start":{"line":254,"column":0},"end":{"line":254,"column":27}},"254":{"start":{"line":255,"column":0},"end":{"line":255,"column":32}},"255":{"start":{"line":256,"column":0},"end":{"line":256,"column":37}},"256":{"start":{"line":257,"column":0},"end":{"line":257,"column":33}},"257":{"start":{"line":258,"column":0},"end":{"line":258,"column":25}},"258":{"start":{"line":259,"column":0},"end":{"line":259,"column":67}},"259":{"start":{"line":260,"column":0},"end":{"line":260,"column":16}},"260":{"start":{"line":261,"column":0},"end":{"line":261,"column":3}},"261":{"start":{"line":262,"column":0},"end":{"line":262,"column":21}},"262":{"start":{"line":263,"column":0},"end":{"line":263,"column":28}},"263":{"start":{"line":264,"column":0},"end":{"line":264,"column":236}},"264":{"start":{"line":265,"column":0},"end":{"line":265,"column":41}},"265":{"start":{"line":266,"column":0},"end":{"line":266,"column":41}},"266":{"start":{"line":267,"column":0},"end":{"line":267,"column":52}},"267":{"start":{"line":268,"column":0},"end":{"line":268,"column":136}},"268":{"start":{"line":269,"column":0},"end":{"line":269,"column":16}},"269":{"start":{"line":270,"column":0},"end":{"line":270,"column":3}},"270":{"start":{"line":271,"column":0},"end":{"line":271,"column":15}},"271":{"start":{"line":272,"column":0},"end":{"line":272,"column":1}},"272":{"start":{"line":273,"column":0},"end":{"line":273,"column":66}},"273":{"start":{"line":274,"column":0},"end":{"line":274,"column":32}},"274":{"start":{"line":275,"column":0},"end":{"line":275,"column":85}},"275":{"start":{"line":276,"column":0},"end":{"line":276,"column":16}},"276":{"start":{"line":277,"column":0},"end":{"line":277,"column":3}},"277":{"start":{"line":278,"column":0},"end":{"line":278,"column":70}},"278":{"start":{"line":279,"column":0},"end":{"line":279,"column":79}},"279":{"start":{"line":280,"column":0},"end":{"line":280,"column":16}},"280":{"start":{"line":281,"column":0},"end":{"line":281,"column":3}},"281":{"start":{"line":282,"column":0},"end":{"line":282,"column":39}},"282":{"start":{"line":283,"column":0},"end":{"line":283,"column":11}},"283":{"start":{"line":284,"column":0},"end":{"line":284,"column":25}},"284":{"start":{"line":285,"column":0},"end":{"line":285,"column":54}},"285":{"start":{"line":286,"column":0},"end":{"line":286,"column":35}},"286":{"start":{"line":287,"column":0},"end":{"line":287,"column":29}},"287":{"start":{"line":288,"column":0},"end":{"line":288,"column":30}},"288":{"start":{"line":289,"column":0},"end":{"line":289,"column":25}},"289":{"start":{"line":290,"column":0},"end":{"line":290,"column":29}},"290":{"start":{"line":291,"column":0},"end":{"line":291,"column":55}},"291":{"start":{"line":292,"column":0},"end":{"line":292,"column":7}},"292":{"start":{"line":293,"column":0},"end":{"line":293,"column":20}},"293":{"start":{"line":294,"column":0},"end":{"line":294,"column":19}},"294":{"start":{"line":295,"column":0},"end":{"line":295,"column":46}},"295":{"start":{"line":296,"column":0},"end":{"line":296,"column":33}},"296":{"start":{"line":297,"column":0},"end":{"line":297,"column":35}},"297":{"start":{"line":298,"column":0},"end":{"line":298,"column":31}},"298":{"start":{"line":299,"column":0},"end":{"line":299,"column":30}},"299":{"start":{"line":300,"column":0},"end":{"line":300,"column":9}},"300":{"start":{"line":301,"column":0},"end":{"line":301,"column":199}},"301":{"start":{"line":302,"column":0},"end":{"line":302,"column":30}},"302":{"start":{"line":303,"column":0},"end":{"line":303,"column":9}},"303":{"start":{"line":304,"column":0},"end":{"line":304,"column":27}},"304":{"start":{"line":305,"column":0},"end":{"line":305,"column":57}},"305":{"start":{"line":306,"column":0},"end":{"line":306,"column":9}},"306":{"start":{"line":307,"column":0},"end":{"line":307,"column":7}},"307":{"start":{"line":308,"column":0},"end":{"line":308,"column":23}},"308":{"start":{"line":309,"column":0},"end":{"line":309,"column":35}},"309":{"start":{"line":310,"column":0},"end":{"line":310,"column":71}},"310":{"start":{"line":311,"column":0},"end":{"line":311,"column":62}},"311":{"start":{"line":312,"column":0},"end":{"line":312,"column":67}},"312":{"start":{"line":313,"column":0},"end":{"line":313,"column":9}},"313":{"start":{"line":314,"column":0},"end":{"line":314,"column":7}},"314":{"start":{"line":315,"column":0},"end":{"line":315,"column":30}},"315":{"start":{"line":316,"column":0},"end":{"line":316,"column":51}},"316":{"start":{"line":317,"column":0},"end":{"line":317,"column":43}},"317":{"start":{"line":318,"column":0},"end":{"line":318,"column":70}},"318":{"start":{"line":319,"column":0},"end":{"line":319,"column":81}},"319":{"start":{"line":320,"column":0},"end":{"line":320,"column":34}},"320":{"start":{"line":321,"column":0},"end":{"line":321,"column":43}},"321":{"start":{"line":322,"column":0},"end":{"line":322,"column":50}},"322":{"start":{"line":323,"column":0},"end":{"line":323,"column":33}},"323":{"start":{"line":324,"column":0},"end":{"line":324,"column":48}},"324":{"start":{"line":325,"column":0},"end":{"line":325,"column":37}},"325":{"start":{"line":326,"column":0},"end":{"line":326,"column":19}},"326":{"start":{"line":327,"column":0},"end":{"line":327,"column":39}},"327":{"start":{"line":328,"column":0},"end":{"line":328,"column":37}},"328":{"start":{"line":329,"column":0},"end":{"line":329,"column":39}},"329":{"start":{"line":330,"column":0},"end":{"line":330,"column":32}},"330":{"start":{"line":331,"column":0},"end":{"line":331,"column":28}},"331":{"start":{"line":332,"column":0},"end":{"line":332,"column":14}},"332":{"start":{"line":333,"column":0},"end":{"line":333,"column":25}},"333":{"start":{"line":334,"column":0},"end":{"line":334,"column":53}},"334":{"start":{"line":335,"column":0},"end":{"line":335,"column":29}},"335":{"start":{"line":336,"column":0},"end":{"line":336,"column":59}},"336":{"start":{"line":337,"column":0},"end":{"line":337,"column":43}},"337":{"start":{"line":338,"column":0},"end":{"line":338,"column":17}},"338":{"start":{"line":339,"column":0},"end":{"line":339,"column":17}},"339":{"start":{"line":340,"column":0},"end":{"line":340,"column":58}},"340":{"start":{"line":341,"column":0},"end":{"line":341,"column":20}},"341":{"start":{"line":342,"column":0},"end":{"line":342,"column":49}},"342":{"start":{"line":343,"column":0},"end":{"line":343,"column":44}},"343":{"start":{"line":344,"column":0},"end":{"line":344,"column":37}},"344":{"start":{"line":345,"column":0},"end":{"line":345,"column":15}},"345":{"start":{"line":346,"column":0},"end":{"line":346,"column":13}},"346":{"start":{"line":347,"column":0},"end":{"line":347,"column":11}},"347":{"start":{"line":348,"column":0},"end":{"line":348,"column":28}},"348":{"start":{"line":349,"column":0},"end":{"line":349,"column":9}},"349":{"start":{"line":350,"column":0},"end":{"line":350,"column":28}},"350":{"start":{"line":351,"column":0},"end":{"line":351,"column":37}},"351":{"start":{"line":352,"column":0},"end":{"line":352,"column":9}},"352":{"start":{"line":353,"column":0},"end":{"line":353,"column":32}},"353":{"start":{"line":354,"column":0},"end":{"line":354,"column":7}},"354":{"start":{"line":355,"column":0},"end":{"line":355,"column":29}},"355":{"start":{"line":356,"column":0},"end":{"line":356,"column":49}},"356":{"start":{"line":357,"column":0},"end":{"line":357,"column":180}},"357":{"start":{"line":358,"column":0},"end":{"line":358,"column":54}},"358":{"start":{"line":359,"column":0},"end":{"line":359,"column":37}},"359":{"start":{"line":360,"column":0},"end":{"line":360,"column":38}},"360":{"start":{"line":361,"column":0},"end":{"line":361,"column":11}},"361":{"start":{"line":362,"column":0},"end":{"line":362,"column":7}},"362":{"start":{"line":363,"column":0},"end":{"line":363,"column":30}},"363":{"start":{"line":364,"column":0},"end":{"line":364,"column":78}},"364":{"start":{"line":365,"column":0},"end":{"line":365,"column":81}},"365":{"start":{"line":366,"column":0},"end":{"line":366,"column":31}},"366":{"start":{"line":367,"column":0},"end":{"line":367,"column":52}},"367":{"start":{"line":368,"column":0},"end":{"line":368,"column":35}},"368":{"start":{"line":369,"column":0},"end":{"line":369,"column":51}},"369":{"start":{"line":370,"column":0},"end":{"line":370,"column":41}},"370":{"start":{"line":371,"column":0},"end":{"line":371,"column":71}},"371":{"start":{"line":372,"column":0},"end":{"line":372,"column":25}},"372":{"start":{"line":373,"column":0},"end":{"line":373,"column":100}},"373":{"start":{"line":374,"column":0},"end":{"line":374,"column":31}},"374":{"start":{"line":375,"column":0},"end":{"line":375,"column":24}},"375":{"start":{"line":376,"column":0},"end":{"line":376,"column":21}},"376":{"start":{"line":377,"column":0},"end":{"line":377,"column":41}},"377":{"start":{"line":378,"column":0},"end":{"line":378,"column":39}},"378":{"start":{"line":379,"column":0},"end":{"line":379,"column":41}},"379":{"start":{"line":380,"column":0},"end":{"line":380,"column":34}},"380":{"start":{"line":381,"column":0},"end":{"line":381,"column":31}},"381":{"start":{"line":382,"column":0},"end":{"line":382,"column":28}},"382":{"start":{"line":383,"column":0},"end":{"line":383,"column":16}},"383":{"start":{"line":384,"column":0},"end":{"line":384,"column":31}},"384":{"start":{"line":385,"column":0},"end":{"line":385,"column":13}},"385":{"start":{"line":386,"column":0},"end":{"line":386,"column":11}},"386":{"start":{"line":387,"column":0},"end":{"line":387,"column":9}},"387":{"start":{"line":388,"column":0},"end":{"line":388,"column":59}},"388":{"start":{"line":389,"column":0},"end":{"line":389,"column":30}},"389":{"start":{"line":390,"column":0},"end":{"line":390,"column":104}},"390":{"start":{"line":391,"column":0},"end":{"line":391,"column":13}},"391":{"start":{"line":392,"column":0},"end":{"line":392,"column":9}},"392":{"start":{"line":393,"column":0},"end":{"line":393,"column":41}},"393":{"start":{"line":394,"column":0},"end":{"line":394,"column":37}},"394":{"start":{"line":395,"column":0},"end":{"line":395,"column":9}},"395":{"start":{"line":396,"column":0},"end":{"line":396,"column":7}},"396":{"start":{"line":397,"column":0},"end":{"line":397,"column":17}},"397":{"start":{"line":398,"column":0},"end":{"line":398,"column":43}},"398":{"start":{"line":399,"column":0},"end":{"line":399,"column":127}},"399":{"start":{"line":400,"column":0},"end":{"line":400,"column":38}},"400":{"start":{"line":401,"column":0},"end":{"line":401,"column":9}},"401":{"start":{"line":402,"column":0},"end":{"line":402,"column":34}},"402":{"start":{"line":403,"column":0},"end":{"line":403,"column":7}},"403":{"start":{"line":404,"column":0},"end":{"line":404,"column":6}},"404":{"start":{"line":405,"column":0},"end":{"line":405,"column":5}},"405":{"start":{"line":406,"column":0},"end":{"line":406,"column":39}},"406":{"start":{"line":407,"column":0},"end":{"line":407,"column":5}},"407":{"start":{"line":408,"column":0},"end":{"line":408,"column":4}},"408":{"start":{"line":409,"column":0},"end":{"line":409,"column":1}},"409":{"start":{"line":410,"column":0},"end":{"line":410,"column":0}},"410":{"start":{"line":411,"column":0},"end":{"line":411,"column":10}},"411":{"start":{"line":412,"column":0},"end":{"line":412,"column":66}},"412":{"start":{"line":413,"column":0},"end":{"line":413,"column":17}},"413":{"start":{"line":414,"column":0},"end":{"line":414,"column":24}},"414":{"start":{"line":415,"column":0},"end":{"line":415,"column":32}},"415":{"start":{"line":416,"column":0},"end":{"line":416,"column":3}},"416":{"start":{"line":417,"column":0},"end":{"line":417,"column":18}},"417":{"start":{"line":418,"column":0},"end":{"line":418,"column":57}},"418":{"start":{"line":419,"column":0},"end":{"line":419,"column":29}},"419":{"start":{"line":420,"column":0},"end":{"line":420,"column":54}},"420":{"start":{"line":421,"column":0},"end":{"line":421,"column":68}},"421":{"start":{"line":422,"column":0},"end":{"line":422,"column":43}},"422":{"start":{"line":423,"column":0},"end":{"line":423,"column":41}},"423":{"start":{"line":424,"column":0},"end":{"line":424,"column":103}},"424":{"start":{"line":425,"column":0},"end":{"line":425,"column":5}},"425":{"start":{"line":426,"column":0},"end":{"line":426,"column":39}},"426":{"start":{"line":427,"column":0},"end":{"line":427,"column":78}},"427":{"start":{"line":428,"column":0},"end":{"line":428,"column":9}},"428":{"start":{"line":429,"column":0},"end":{"line":429,"column":6}},"429":{"start":{"line":430,"column":0},"end":{"line":430,"column":42}},"430":{"start":{"line":431,"column":0},"end":{"line":431,"column":36}},"431":{"start":{"line":432,"column":0},"end":{"line":432,"column":67}},"432":{"start":{"line":433,"column":0},"end":{"line":433,"column":3}},"433":{"start":{"line":434,"column":0},"end":{"line":434,"column":23}},"434":{"start":{"line":435,"column":0},"end":{"line":435,"column":25}},"435":{"start":{"line":436,"column":0},"end":{"line":436,"column":68}},"436":{"start":{"line":437,"column":0},"end":{"line":437,"column":13}},"437":{"start":{"line":438,"column":0},"end":{"line":438,"column":5}},"438":{"start":{"line":439,"column":0},"end":{"line":439,"column":9}},"439":{"start":{"line":440,"column":0},"end":{"line":440,"column":54}},"440":{"start":{"line":441,"column":0},"end":{"line":441,"column":41}},"441":{"start":{"line":442,"column":0},"end":{"line":442,"column":22}},"442":{"start":{"line":443,"column":0},"end":{"line":443,"column":40}},"443":{"start":{"line":444,"column":0},"end":{"line":444,"column":57}},"444":{"start":{"line":445,"column":0},"end":{"line":445,"column":53}},"445":{"start":{"line":446,"column":0},"end":{"line":446,"column":53}},"446":{"start":{"line":447,"column":0},"end":{"line":447,"column":35}},"447":{"start":{"line":448,"column":0},"end":{"line":448,"column":25}},"448":{"start":{"line":449,"column":0},"end":{"line":449,"column":68}},"449":{"start":{"line":450,"column":0},"end":{"line":450,"column":4}},"450":{"start":{"line":451,"column":0},"end":{"line":451,"column":49}},"451":{"start":{"line":452,"column":0},"end":{"line":452,"column":73}},"452":{"start":{"line":453,"column":0},"end":{"line":453,"column":46}},"453":{"start":{"line":454,"column":0},"end":{"line":454,"column":58}},"454":{"start":{"line":455,"column":0},"end":{"line":455,"column":125}},"455":{"start":{"line":456,"column":0},"end":{"line":456,"column":5}},"456":{"start":{"line":457,"column":0},"end":{"line":457,"column":14}},"457":{"start":{"line":458,"column":0},"end":{"line":458,"column":4}},"458":{"start":{"line":459,"column":0},"end":{"line":459,"column":93}},"459":{"start":{"line":460,"column":0},"end":{"line":460,"column":0}},"460":{"start":{"line":461,"column":0},"end":{"line":461,"column":26}},"461":{"start":{"line":462,"column":0},"end":{"line":462,"column":26}},"462":{"start":{"line":463,"column":0},"end":{"line":463,"column":28}},"463":{"start":{"line":464,"column":0},"end":{"line":464,"column":33}},"464":{"start":{"line":465,"column":0},"end":{"line":465,"column":25}},"465":{"start":{"line":466,"column":0},"end":{"line":466,"column":41}},"466":{"start":{"line":467,"column":0},"end":{"line":467,"column":43}},"467":{"start":{"line":468,"column":0},"end":{"line":468,"column":27}},"468":{"start":{"line":469,"column":0},"end":{"line":469,"column":51}},"469":{"start":{"line":470,"column":0},"end":{"line":470,"column":41}},"470":{"start":{"line":471,"column":0},"end":{"line":471,"column":31}},"471":{"start":{"line":472,"column":0},"end":{"line":472,"column":40}},"472":{"start":{"line":473,"column":0},"end":{"line":473,"column":5}},"473":{"start":{"line":474,"column":0},"end":{"line":474,"column":0}},"474":{"start":{"line":475,"column":0},"end":{"line":475,"column":24}},"475":{"start":{"line":476,"column":0},"end":{"line":476,"column":19}},"476":{"start":{"line":477,"column":0},"end":{"line":477,"column":9}},"477":{"start":{"line":478,"column":0},"end":{"line":478,"column":9}},"478":{"start":{"line":479,"column":0},"end":{"line":479,"column":9}},"479":{"start":{"line":480,"column":0},"end":{"line":480,"column":9}},"480":{"start":{"line":481,"column":0},"end":{"line":481,"column":9}},"481":{"start":{"line":482,"column":0},"end":{"line":482,"column":9}},"482":{"start":{"line":483,"column":0},"end":{"line":483,"column":9}},"483":{"start":{"line":484,"column":0},"end":{"line":484,"column":9}},"484":{"start":{"line":485,"column":0},"end":{"line":485,"column":9}},"485":{"start":{"line":486,"column":0},"end":{"line":486,"column":8}},"486":{"start":{"line":487,"column":0},"end":{"line":487,"column":8}},"487":{"start":{"line":488,"column":0},"end":{"line":488,"column":8}},"488":{"start":{"line":489,"column":0},"end":{"line":489,"column":9}},"489":{"start":{"line":490,"column":0},"end":{"line":490,"column":8}},"490":{"start":{"line":491,"column":0},"end":{"line":491,"column":9}},"491":{"start":{"line":492,"column":0},"end":{"line":492,"column":9}},"492":{"start":{"line":493,"column":0},"end":{"line":493,"column":9}},"493":{"start":{"line":494,"column":0},"end":{"line":494,"column":9}},"494":{"start":{"line":495,"column":0},"end":{"line":495,"column":9}},"495":{"start":{"line":496,"column":0},"end":{"line":496,"column":9}},"496":{"start":{"line":497,"column":0},"end":{"line":497,"column":9}},"497":{"start":{"line":498,"column":0},"end":{"line":498,"column":9}},"498":{"start":{"line":499,"column":0},"end":{"line":499,"column":9}},"499":{"start":{"line":500,"column":0},"end":{"line":500,"column":9}},"500":{"start":{"line":501,"column":0},"end":{"line":501,"column":9}},"501":{"start":{"line":502,"column":0},"end":{"line":502,"column":9}},"502":{"start":{"line":503,"column":0},"end":{"line":503,"column":9}},"503":{"start":{"line":504,"column":0},"end":{"line":504,"column":9}},"504":{"start":{"line":505,"column":0},"end":{"line":505,"column":8}},"505":{"start":{"line":506,"column":0},"end":{"line":506,"column":8}},"506":{"start":{"line":507,"column":0},"end":{"line":507,"column":8}},"507":{"start":{"line":508,"column":0},"end":{"line":508,"column":8}},"508":{"start":{"line":509,"column":0},"end":{"line":509,"column":9}},"509":{"start":{"line":510,"column":0},"end":{"line":510,"column":9}},"510":{"start":{"line":511,"column":0},"end":{"line":511,"column":9}},"511":{"start":{"line":512,"column":0},"end":{"line":512,"column":9}},"512":{"start":{"line":513,"column":0},"end":{"line":513,"column":9}},"513":{"start":{"line":514,"column":0},"end":{"line":514,"column":9}},"514":{"start":{"line":515,"column":0},"end":{"line":515,"column":9}},"515":{"start":{"line":516,"column":0},"end":{"line":516,"column":9}},"516":{"start":{"line":517,"column":0},"end":{"line":517,"column":9}},"517":{"start":{"line":518,"column":0},"end":{"line":518,"column":9}},"518":{"start":{"line":519,"column":0},"end":{"line":519,"column":9}},"519":{"start":{"line":520,"column":0},"end":{"line":520,"column":9}},"520":{"start":{"line":521,"column":0},"end":{"line":521,"column":9}},"521":{"start":{"line":522,"column":0},"end":{"line":522,"column":9}},"522":{"start":{"line":523,"column":0},"end":{"line":523,"column":9}},"523":{"start":{"line":524,"column":0},"end":{"line":524,"column":9}},"524":{"start":{"line":525,"column":0},"end":{"line":525,"column":9}},"525":{"start":{"line":526,"column":0},"end":{"line":526,"column":9}},"526":{"start":{"line":527,"column":0},"end":{"line":527,"column":9}},"527":{"start":{"line":528,"column":0},"end":{"line":528,"column":9}},"528":{"start":{"line":529,"column":0},"end":{"line":529,"column":9}},"529":{"start":{"line":530,"column":0},"end":{"line":530,"column":9}},"530":{"start":{"line":531,"column":0},"end":{"line":531,"column":9}},"531":{"start":{"line":532,"column":0},"end":{"line":532,"column":9}},"532":{"start":{"line":533,"column":0},"end":{"line":533,"column":9}},"533":{"start":{"line":534,"column":0},"end":{"line":534,"column":9}},"534":{"start":{"line":535,"column":0},"end":{"line":535,"column":9}},"535":{"start":{"line":536,"column":0},"end":{"line":536,"column":9}},"536":{"start":{"line":537,"column":0},"end":{"line":537,"column":9}},"537":{"start":{"line":538,"column":0},"end":{"line":538,"column":9}},"538":{"start":{"line":539,"column":0},"end":{"line":539,"column":9}},"539":{"start":{"line":540,"column":0},"end":{"line":540,"column":9}},"540":{"start":{"line":541,"column":0},"end":{"line":541,"column":9}},"541":{"start":{"line":542,"column":0},"end":{"line":542,"column":8}},"542":{"start":{"line":543,"column":0},"end":{"line":543,"column":8}},"543":{"start":{"line":544,"column":0},"end":{"line":544,"column":8}},"544":{"start":{"line":545,"column":0},"end":{"line":545,"column":8}},"545":{"start":{"line":546,"column":0},"end":{"line":546,"column":8}},"546":{"start":{"line":547,"column":0},"end":{"line":547,"column":8}},"547":{"start":{"line":548,"column":0},"end":{"line":548,"column":8}},"548":{"start":{"line":549,"column":0},"end":{"line":549,"column":8}},"549":{"start":{"line":550,"column":0},"end":{"line":550,"column":8}},"550":{"start":{"line":551,"column":0},"end":{"line":551,"column":8}},"551":{"start":{"line":552,"column":0},"end":{"line":552,"column":8}},"552":{"start":{"line":553,"column":0},"end":{"line":553,"column":8}},"553":{"start":{"line":554,"column":0},"end":{"line":554,"column":8}},"554":{"start":{"line":555,"column":0},"end":{"line":555,"column":8}},"555":{"start":{"line":556,"column":0},"end":{"line":556,"column":8}},"556":{"start":{"line":557,"column":0},"end":{"line":557,"column":8}},"557":{"start":{"line":558,"column":0},"end":{"line":558,"column":8}},"558":{"start":{"line":559,"column":0},"end":{"line":559,"column":8}},"559":{"start":{"line":560,"column":0},"end":{"line":560,"column":8}},"560":{"start":{"line":561,"column":0},"end":{"line":561,"column":8}},"561":{"start":{"line":562,"column":0},"end":{"line":562,"column":8}},"562":{"start":{"line":563,"column":0},"end":{"line":563,"column":8}},"563":{"start":{"line":564,"column":0},"end":{"line":564,"column":8}},"564":{"start":{"line":565,"column":0},"end":{"line":565,"column":8}},"565":{"start":{"line":566,"column":0},"end":{"line":566,"column":8}},"566":{"start":{"line":567,"column":0},"end":{"line":567,"column":8}},"567":{"start":{"line":568,"column":0},"end":{"line":568,"column":9}},"568":{"start":{"line":569,"column":0},"end":{"line":569,"column":9}},"569":{"start":{"line":570,"column":0},"end":{"line":570,"column":9}},"570":{"start":{"line":571,"column":0},"end":{"line":571,"column":9}},"571":{"start":{"line":572,"column":0},"end":{"line":572,"column":9}},"572":{"start":{"line":573,"column":0},"end":{"line":573,"column":9}},"573":{"start":{"line":574,"column":0},"end":{"line":574,"column":8}},"574":{"start":{"line":575,"column":0},"end":{"line":575,"column":8}},"575":{"start":{"line":576,"column":0},"end":{"line":576,"column":8}},"576":{"start":{"line":577,"column":0},"end":{"line":577,"column":8}},"577":{"start":{"line":578,"column":0},"end":{"line":578,"column":8}},"578":{"start":{"line":579,"column":0},"end":{"line":579,"column":8}},"579":{"start":{"line":580,"column":0},"end":{"line":580,"column":8}},"580":{"start":{"line":581,"column":0},"end":{"line":581,"column":8}},"581":{"start":{"line":582,"column":0},"end":{"line":582,"column":8}},"582":{"start":{"line":583,"column":0},"end":{"line":583,"column":8}},"583":{"start":{"line":584,"column":0},"end":{"line":584,"column":8}},"584":{"start":{"line":585,"column":0},"end":{"line":585,"column":8}},"585":{"start":{"line":586,"column":0},"end":{"line":586,"column":8}},"586":{"start":{"line":587,"column":0},"end":{"line":587,"column":8}},"587":{"start":{"line":588,"column":0},"end":{"line":588,"column":8}},"588":{"start":{"line":589,"column":0},"end":{"line":589,"column":8}},"589":{"start":{"line":590,"column":0},"end":{"line":590,"column":8}},"590":{"start":{"line":591,"column":0},"end":{"line":591,"column":8}},"591":{"start":{"line":592,"column":0},"end":{"line":592,"column":8}},"592":{"start":{"line":593,"column":0},"end":{"line":593,"column":8}},"593":{"start":{"line":594,"column":0},"end":{"line":594,"column":8}},"594":{"start":{"line":595,"column":0},"end":{"line":595,"column":8}},"595":{"start":{"line":596,"column":0},"end":{"line":596,"column":8}},"596":{"start":{"line":597,"column":0},"end":{"line":597,"column":8}},"597":{"start":{"line":598,"column":0},"end":{"line":598,"column":8}},"598":{"start":{"line":599,"column":0},"end":{"line":599,"column":8}},"599":{"start":{"line":600,"column":0},"end":{"line":600,"column":9}},"600":{"start":{"line":601,"column":0},"end":{"line":601,"column":9}},"601":{"start":{"line":602,"column":0},"end":{"line":602,"column":9}},"602":{"start":{"line":603,"column":0},"end":{"line":603,"column":9}},"603":{"start":{"line":604,"column":0},"end":{"line":604,"column":9}},"604":{"start":{"line":605,"column":0},"end":{"line":605,"column":9}},"605":{"start":{"line":606,"column":0},"end":{"line":606,"column":9}},"606":{"start":{"line":607,"column":0},"end":{"line":607,"column":9}},"607":{"start":{"line":608,"column":0},"end":{"line":608,"column":9}},"608":{"start":{"line":609,"column":0},"end":{"line":609,"column":9}},"609":{"start":{"line":610,"column":0},"end":{"line":610,"column":8}},"610":{"start":{"line":611,"column":0},"end":{"line":611,"column":9}},"611":{"start":{"line":612,"column":0},"end":{"line":612,"column":9}},"612":{"start":{"line":613,"column":0},"end":{"line":613,"column":9}},"613":{"start":{"line":614,"column":0},"end":{"line":614,"column":9}},"614":{"start":{"line":615,"column":0},"end":{"line":615,"column":9}},"615":{"start":{"line":616,"column":0},"end":{"line":616,"column":9}},"616":{"start":{"line":617,"column":0},"end":{"line":617,"column":9}},"617":{"start":{"line":618,"column":0},"end":{"line":618,"column":9}},"618":{"start":{"line":619,"column":0},"end":{"line":619,"column":9}},"619":{"start":{"line":620,"column":0},"end":{"line":620,"column":9}},"620":{"start":{"line":621,"column":0},"end":{"line":621,"column":9}},"621":{"start":{"line":622,"column":0},"end":{"line":622,"column":9}},"622":{"start":{"line":623,"column":0},"end":{"line":623,"column":9}},"623":{"start":{"line":624,"column":0},"end":{"line":624,"column":9}},"624":{"start":{"line":625,"column":0},"end":{"line":625,"column":9}},"625":{"start":{"line":626,"column":0},"end":{"line":626,"column":9}},"626":{"start":{"line":627,"column":0},"end":{"line":627,"column":9}},"627":{"start":{"line":628,"column":0},"end":{"line":628,"column":9}},"628":{"start":{"line":629,"column":0},"end":{"line":629,"column":9}},"629":{"start":{"line":630,"column":0},"end":{"line":630,"column":9}},"630":{"start":{"line":631,"column":0},"end":{"line":631,"column":9}},"631":{"start":{"line":632,"column":0},"end":{"line":632,"column":9}},"632":{"start":{"line":633,"column":0},"end":{"line":633,"column":9}},"633":{"start":{"line":634,"column":0},"end":{"line":634,"column":9}},"634":{"start":{"line":635,"column":0},"end":{"line":635,"column":9}},"635":{"start":{"line":636,"column":0},"end":{"line":636,"column":9}},"636":{"start":{"line":637,"column":0},"end":{"line":637,"column":9}},"637":{"start":{"line":638,"column":0},"end":{"line":638,"column":9}},"638":{"start":{"line":639,"column":0},"end":{"line":639,"column":9}},"639":{"start":{"line":640,"column":0},"end":{"line":640,"column":9}},"640":{"start":{"line":641,"column":0},"end":{"line":641,"column":9}},"641":{"start":{"line":642,"column":0},"end":{"line":642,"column":9}},"642":{"start":{"line":643,"column":0},"end":{"line":643,"column":9}},"643":{"start":{"line":644,"column":0},"end":{"line":644,"column":9}},"644":{"start":{"line":645,"column":0},"end":{"line":645,"column":9}},"645":{"start":{"line":646,"column":0},"end":{"line":646,"column":9}},"646":{"start":{"line":647,"column":0},"end":{"line":647,"column":8}},"647":{"start":{"line":648,"column":0},"end":{"line":648,"column":9}},"648":{"start":{"line":649,"column":0},"end":{"line":649,"column":9}},"649":{"start":{"line":650,"column":0},"end":{"line":650,"column":9}},"650":{"start":{"line":651,"column":0},"end":{"line":651,"column":9}},"651":{"start":{"line":652,"column":0},"end":{"line":652,"column":9}},"652":{"start":{"line":653,"column":0},"end":{"line":653,"column":9}},"653":{"start":{"line":654,"column":0},"end":{"line":654,"column":9}},"654":{"start":{"line":655,"column":0},"end":{"line":655,"column":9}},"655":{"start":{"line":656,"column":0},"end":{"line":656,"column":9}},"656":{"start":{"line":657,"column":0},"end":{"line":657,"column":9}},"657":{"start":{"line":658,"column":0},"end":{"line":658,"column":8}},"658":{"start":{"line":659,"column":0},"end":{"line":659,"column":9}},"659":{"start":{"line":660,"column":0},"end":{"line":660,"column":9}},"660":{"start":{"line":661,"column":0},"end":{"line":661,"column":9}},"661":{"start":{"line":662,"column":0},"end":{"line":662,"column":9}},"662":{"start":{"line":663,"column":0},"end":{"line":663,"column":8}},"663":{"start":{"line":664,"column":0},"end":{"line":664,"column":9}},"664":{"start":{"line":665,"column":0},"end":{"line":665,"column":9}},"665":{"start":{"line":666,"column":0},"end":{"line":666,"column":9}},"666":{"start":{"line":667,"column":0},"end":{"line":667,"column":9}},"667":{"start":{"line":668,"column":0},"end":{"line":668,"column":9}},"668":{"start":{"line":669,"column":0},"end":{"line":669,"column":8}},"669":{"start":{"line":670,"column":0},"end":{"line":670,"column":8}},"670":{"start":{"line":671,"column":0},"end":{"line":671,"column":8}},"671":{"start":{"line":672,"column":0},"end":{"line":672,"column":8}},"672":{"start":{"line":673,"column":0},"end":{"line":673,"column":8}},"673":{"start":{"line":674,"column":0},"end":{"line":674,"column":8}},"674":{"start":{"line":675,"column":0},"end":{"line":675,"column":8}},"675":{"start":{"line":676,"column":0},"end":{"line":676,"column":8}},"676":{"start":{"line":677,"column":0},"end":{"line":677,"column":8}},"677":{"start":{"line":678,"column":0},"end":{"line":678,"column":8}},"678":{"start":{"line":679,"column":0},"end":{"line":679,"column":8}},"679":{"start":{"line":680,"column":0},"end":{"line":680,"column":8}},"680":{"start":{"line":681,"column":0},"end":{"line":681,"column":8}},"681":{"start":{"line":682,"column":0},"end":{"line":682,"column":8}},"682":{"start":{"line":683,"column":0},"end":{"line":683,"column":8}},"683":{"start":{"line":684,"column":0},"end":{"line":684,"column":8}},"684":{"start":{"line":685,"column":0},"end":{"line":685,"column":8}},"685":{"start":{"line":686,"column":0},"end":{"line":686,"column":8}},"686":{"start":{"line":687,"column":0},"end":{"line":687,"column":8}},"687":{"start":{"line":688,"column":0},"end":{"line":688,"column":8}},"688":{"start":{"line":689,"column":0},"end":{"line":689,"column":8}},"689":{"start":{"line":690,"column":0},"end":{"line":690,"column":8}},"690":{"start":{"line":691,"column":0},"end":{"line":691,"column":8}},"691":{"start":{"line":692,"column":0},"end":{"line":692,"column":9}},"692":{"start":{"line":693,"column":0},"end":{"line":693,"column":8}},"693":{"start":{"line":694,"column":0},"end":{"line":694,"column":8}},"694":{"start":{"line":695,"column":0},"end":{"line":695,"column":8}},"695":{"start":{"line":696,"column":0},"end":{"line":696,"column":8}},"696":{"start":{"line":697,"column":0},"end":{"line":697,"column":8}},"697":{"start":{"line":698,"column":0},"end":{"line":698,"column":8}},"698":{"start":{"line":699,"column":0},"end":{"line":699,"column":8}},"699":{"start":{"line":700,"column":0},"end":{"line":700,"column":8}},"700":{"start":{"line":701,"column":0},"end":{"line":701,"column":8}},"701":{"start":{"line":702,"column":0},"end":{"line":702,"column":8}},"702":{"start":{"line":703,"column":0},"end":{"line":703,"column":8}},"703":{"start":{"line":704,"column":0},"end":{"line":704,"column":8}},"704":{"start":{"line":705,"column":0},"end":{"line":705,"column":8}},"705":{"start":{"line":706,"column":0},"end":{"line":706,"column":8}},"706":{"start":{"line":707,"column":0},"end":{"line":707,"column":8}},"707":{"start":{"line":708,"column":0},"end":{"line":708,"column":8}},"708":{"start":{"line":709,"column":0},"end":{"line":709,"column":8}},"709":{"start":{"line":710,"column":0},"end":{"line":710,"column":8}},"710":{"start":{"line":711,"column":0},"end":{"line":711,"column":8}},"711":{"start":{"line":712,"column":0},"end":{"line":712,"column":8}},"712":{"start":{"line":713,"column":0},"end":{"line":713,"column":8}},"713":{"start":{"line":714,"column":0},"end":{"line":714,"column":8}},"714":{"start":{"line":715,"column":0},"end":{"line":715,"column":8}},"715":{"start":{"line":716,"column":0},"end":{"line":716,"column":8}},"716":{"start":{"line":717,"column":0},"end":{"line":717,"column":8}},"717":{"start":{"line":718,"column":0},"end":{"line":718,"column":8}},"718":{"start":{"line":719,"column":0},"end":{"line":719,"column":8}},"719":{"start":{"line":720,"column":0},"end":{"line":720,"column":8}},"720":{"start":{"line":721,"column":0},"end":{"line":721,"column":8}},"721":{"start":{"line":722,"column":0},"end":{"line":722,"column":8}},"722":{"start":{"line":723,"column":0},"end":{"line":723,"column":8}},"723":{"start":{"line":724,"column":0},"end":{"line":724,"column":9}},"724":{"start":{"line":725,"column":0},"end":{"line":725,"column":8}},"725":{"start":{"line":726,"column":0},"end":{"line":726,"column":8}},"726":{"start":{"line":727,"column":0},"end":{"line":727,"column":8}},"727":{"start":{"line":728,"column":0},"end":{"line":728,"column":8}},"728":{"start":{"line":729,"column":0},"end":{"line":729,"column":8}},"729":{"start":{"line":730,"column":0},"end":{"line":730,"column":8}},"730":{"start":{"line":731,"column":0},"end":{"line":731,"column":8}},"731":{"start":{"line":732,"column":0},"end":{"line":732,"column":7}},"732":{"start":{"line":733,"column":0},"end":{"line":733,"column":4}},"733":{"start":{"line":734,"column":0},"end":{"line":734,"column":21}},"734":{"start":{"line":735,"column":0},"end":{"line":735,"column":9}},"735":{"start":{"line":736,"column":0},"end":{"line":736,"column":9}},"736":{"start":{"line":737,"column":0},"end":{"line":737,"column":9}},"737":{"start":{"line":738,"column":0},"end":{"line":738,"column":9}},"738":{"start":{"line":739,"column":0},"end":{"line":739,"column":9}},"739":{"start":{"line":740,"column":0},"end":{"line":740,"column":9}},"740":{"start":{"line":741,"column":0},"end":{"line":741,"column":9}},"741":{"start":{"line":742,"column":0},"end":{"line":742,"column":9}},"742":{"start":{"line":743,"column":0},"end":{"line":743,"column":9}},"743":{"start":{"line":744,"column":0},"end":{"line":744,"column":9}},"744":{"start":{"line":745,"column":0},"end":{"line":745,"column":9}},"745":{"start":{"line":746,"column":0},"end":{"line":746,"column":9}},"746":{"start":{"line":747,"column":0},"end":{"line":747,"column":9}},"747":{"start":{"line":748,"column":0},"end":{"line":748,"column":9}},"748":{"start":{"line":749,"column":0},"end":{"line":749,"column":9}},"749":{"start":{"line":750,"column":0},"end":{"line":750,"column":9}},"750":{"start":{"line":751,"column":0},"end":{"line":751,"column":10}},"751":{"start":{"line":752,"column":0},"end":{"line":752,"column":10}},"752":{"start":{"line":753,"column":0},"end":{"line":753,"column":10}},"753":{"start":{"line":754,"column":0},"end":{"line":754,"column":10}},"754":{"start":{"line":755,"column":0},"end":{"line":755,"column":10}},"755":{"start":{"line":756,"column":0},"end":{"line":756,"column":10}},"756":{"start":{"line":757,"column":0},"end":{"line":757,"column":9}},"757":{"start":{"line":758,"column":0},"end":{"line":758,"column":9}},"758":{"start":{"line":759,"column":0},"end":{"line":759,"column":9}},"759":{"start":{"line":760,"column":0},"end":{"line":760,"column":9}},"760":{"start":{"line":761,"column":0},"end":{"line":761,"column":9}},"761":{"start":{"line":762,"column":0},"end":{"line":762,"column":9}},"762":{"start":{"line":763,"column":0},"end":{"line":763,"column":9}},"763":{"start":{"line":764,"column":0},"end":{"line":764,"column":9}},"764":{"start":{"line":765,"column":0},"end":{"line":765,"column":9}},"765":{"start":{"line":766,"column":0},"end":{"line":766,"column":9}},"766":{"start":{"line":767,"column":0},"end":{"line":767,"column":9}},"767":{"start":{"line":768,"column":0},"end":{"line":768,"column":9}},"768":{"start":{"line":769,"column":0},"end":{"line":769,"column":9}},"769":{"start":{"line":770,"column":0},"end":{"line":770,"column":9}},"770":{"start":{"line":771,"column":0},"end":{"line":771,"column":9}},"771":{"start":{"line":772,"column":0},"end":{"line":772,"column":9}},"772":{"start":{"line":773,"column":0},"end":{"line":773,"column":9}},"773":{"start":{"line":774,"column":0},"end":{"line":774,"column":9}},"774":{"start":{"line":775,"column":0},"end":{"line":775,"column":9}},"775":{"start":{"line":776,"column":0},"end":{"line":776,"column":9}},"776":{"start":{"line":777,"column":0},"end":{"line":777,"column":9}},"777":{"start":{"line":778,"column":0},"end":{"line":778,"column":9}},"778":{"start":{"line":779,"column":0},"end":{"line":779,"column":9}},"779":{"start":{"line":780,"column":0},"end":{"line":780,"column":9}},"780":{"start":{"line":781,"column":0},"end":{"line":781,"column":9}},"781":{"start":{"line":782,"column":0},"end":{"line":782,"column":9}},"782":{"start":{"line":783,"column":0},"end":{"line":783,"column":9}},"783":{"start":{"line":784,"column":0},"end":{"line":784,"column":9}},"784":{"start":{"line":785,"column":0},"end":{"line":785,"column":9}},"785":{"start":{"line":786,"column":0},"end":{"line":786,"column":9}},"786":{"start":{"line":787,"column":0},"end":{"line":787,"column":9}},"787":{"start":{"line":788,"column":0},"end":{"line":788,"column":9}},"788":{"start":{"line":789,"column":0},"end":{"line":789,"column":9}},"789":{"start":{"line":790,"column":0},"end":{"line":790,"column":9}},"790":{"start":{"line":791,"column":0},"end":{"line":791,"column":9}},"791":{"start":{"line":792,"column":0},"end":{"line":792,"column":9}},"792":{"start":{"line":793,"column":0},"end":{"line":793,"column":9}},"793":{"start":{"line":794,"column":0},"end":{"line":794,"column":9}},"794":{"start":{"line":795,"column":0},"end":{"line":795,"column":9}},"795":{"start":{"line":796,"column":0},"end":{"line":796,"column":9}},"796":{"start":{"line":797,"column":0},"end":{"line":797,"column":9}},"797":{"start":{"line":798,"column":0},"end":{"line":798,"column":9}},"798":{"start":{"line":799,"column":0},"end":{"line":799,"column":9}},"799":{"start":{"line":800,"column":0},"end":{"line":800,"column":9}},"800":{"start":{"line":801,"column":0},"end":{"line":801,"column":9}},"801":{"start":{"line":802,"column":0},"end":{"line":802,"column":9}},"802":{"start":{"line":803,"column":0},"end":{"line":803,"column":9}},"803":{"start":{"line":804,"column":0},"end":{"line":804,"column":9}},"804":{"start":{"line":805,"column":0},"end":{"line":805,"column":9}},"805":{"start":{"line":806,"column":0},"end":{"line":806,"column":9}},"806":{"start":{"line":807,"column":0},"end":{"line":807,"column":9}},"807":{"start":{"line":808,"column":0},"end":{"line":808,"column":9}},"808":{"start":{"line":809,"column":0},"end":{"line":809,"column":9}},"809":{"start":{"line":810,"column":0},"end":{"line":810,"column":10}},"810":{"start":{"line":811,"column":0},"end":{"line":811,"column":10}},"811":{"start":{"line":812,"column":0},"end":{"line":812,"column":10}},"812":{"start":{"line":813,"column":0},"end":{"line":813,"column":10}},"813":{"start":{"line":814,"column":0},"end":{"line":814,"column":10}},"814":{"start":{"line":815,"column":0},"end":{"line":815,"column":10}},"815":{"start":{"line":816,"column":0},"end":{"line":816,"column":10}},"816":{"start":{"line":817,"column":0},"end":{"line":817,"column":10}},"817":{"start":{"line":818,"column":0},"end":{"line":818,"column":10}},"818":{"start":{"line":819,"column":0},"end":{"line":819,"column":10}},"819":{"start":{"line":820,"column":0},"end":{"line":820,"column":10}},"820":{"start":{"line":821,"column":0},"end":{"line":821,"column":10}},"821":{"start":{"line":822,"column":0},"end":{"line":822,"column":10}},"822":{"start":{"line":823,"column":0},"end":{"line":823,"column":10}},"823":{"start":{"line":824,"column":0},"end":{"line":824,"column":9}},"824":{"start":{"line":825,"column":0},"end":{"line":825,"column":9}},"825":{"start":{"line":826,"column":0},"end":{"line":826,"column":9}},"826":{"start":{"line":827,"column":0},"end":{"line":827,"column":9}},"827":{"start":{"line":828,"column":0},"end":{"line":828,"column":9}},"828":{"start":{"line":829,"column":0},"end":{"line":829,"column":9}},"829":{"start":{"line":830,"column":0},"end":{"line":830,"column":9}},"830":{"start":{"line":831,"column":0},"end":{"line":831,"column":9}},"831":{"start":{"line":832,"column":0},"end":{"line":832,"column":9}},"832":{"start":{"line":833,"column":0},"end":{"line":833,"column":9}},"833":{"start":{"line":834,"column":0},"end":{"line":834,"column":9}},"834":{"start":{"line":835,"column":0},"end":{"line":835,"column":9}},"835":{"start":{"line":836,"column":0},"end":{"line":836,"column":9}},"836":{"start":{"line":837,"column":0},"end":{"line":837,"column":9}},"837":{"start":{"line":838,"column":0},"end":{"line":838,"column":9}},"838":{"start":{"line":839,"column":0},"end":{"line":839,"column":9}},"839":{"start":{"line":840,"column":0},"end":{"line":840,"column":9}},"840":{"start":{"line":841,"column":0},"end":{"line":841,"column":9}},"841":{"start":{"line":842,"column":0},"end":{"line":842,"column":9}},"842":{"start":{"line":843,"column":0},"end":{"line":843,"column":9}},"843":{"start":{"line":844,"column":0},"end":{"line":844,"column":9}},"844":{"start":{"line":845,"column":0},"end":{"line":845,"column":9}},"845":{"start":{"line":846,"column":0},"end":{"line":846,"column":9}},"846":{"start":{"line":847,"column":0},"end":{"line":847,"column":10}},"847":{"start":{"line":848,"column":0},"end":{"line":848,"column":9}},"848":{"start":{"line":849,"column":0},"end":{"line":849,"column":9}},"849":{"start":{"line":850,"column":0},"end":{"line":850,"column":9}},"850":{"start":{"line":851,"column":0},"end":{"line":851,"column":9}},"851":{"start":{"line":852,"column":0},"end":{"line":852,"column":9}},"852":{"start":{"line":853,"column":0},"end":{"line":853,"column":9}},"853":{"start":{"line":854,"column":0},"end":{"line":854,"column":9}},"854":{"start":{"line":855,"column":0},"end":{"line":855,"column":9}},"855":{"start":{"line":856,"column":0},"end":{"line":856,"column":9}},"856":{"start":{"line":857,"column":0},"end":{"line":857,"column":9}},"857":{"start":{"line":858,"column":0},"end":{"line":858,"column":9}},"858":{"start":{"line":859,"column":0},"end":{"line":859,"column":9}},"859":{"start":{"line":860,"column":0},"end":{"line":860,"column":9}},"860":{"start":{"line":861,"column":0},"end":{"line":861,"column":9}},"861":{"start":{"line":862,"column":0},"end":{"line":862,"column":9}},"862":{"start":{"line":863,"column":0},"end":{"line":863,"column":9}},"863":{"start":{"line":864,"column":0},"end":{"line":864,"column":9}},"864":{"start":{"line":865,"column":0},"end":{"line":865,"column":9}},"865":{"start":{"line":866,"column":0},"end":{"line":866,"column":9}},"866":{"start":{"line":867,"column":0},"end":{"line":867,"column":9}},"867":{"start":{"line":868,"column":0},"end":{"line":868,"column":9}},"868":{"start":{"line":869,"column":0},"end":{"line":869,"column":9}},"869":{"start":{"line":870,"column":0},"end":{"line":870,"column":9}},"870":{"start":{"line":871,"column":0},"end":{"line":871,"column":9}},"871":{"start":{"line":872,"column":0},"end":{"line":872,"column":9}},"872":{"start":{"line":873,"column":0},"end":{"line":873,"column":9}},"873":{"start":{"line":874,"column":0},"end":{"line":874,"column":9}},"874":{"start":{"line":875,"column":0},"end":{"line":875,"column":9}},"875":{"start":{"line":876,"column":0},"end":{"line":876,"column":9}},"876":{"start":{"line":877,"column":0},"end":{"line":877,"column":9}},"877":{"start":{"line":878,"column":0},"end":{"line":878,"column":9}},"878":{"start":{"line":879,"column":0},"end":{"line":879,"column":9}},"879":{"start":{"line":880,"column":0},"end":{"line":880,"column":9}},"880":{"start":{"line":881,"column":0},"end":{"line":881,"column":9}},"881":{"start":{"line":882,"column":0},"end":{"line":882,"column":9}},"882":{"start":{"line":883,"column":0},"end":{"line":883,"column":9}},"883":{"start":{"line":884,"column":0},"end":{"line":884,"column":9}},"884":{"start":{"line":885,"column":0},"end":{"line":885,"column":9}},"885":{"start":{"line":886,"column":0},"end":{"line":886,"column":9}},"886":{"start":{"line":887,"column":0},"end":{"line":887,"column":9}},"887":{"start":{"line":888,"column":0},"end":{"line":888,"column":9}},"888":{"start":{"line":889,"column":0},"end":{"line":889,"column":9}},"889":{"start":{"line":890,"column":0},"end":{"line":890,"column":9}},"890":{"start":{"line":891,"column":0},"end":{"line":891,"column":9}},"891":{"start":{"line":892,"column":0},"end":{"line":892,"column":9}},"892":{"start":{"line":893,"column":0},"end":{"line":893,"column":9}},"893":{"start":{"line":894,"column":0},"end":{"line":894,"column":9}},"894":{"start":{"line":895,"column":0},"end":{"line":895,"column":9}},"895":{"start":{"line":896,"column":0},"end":{"line":896,"column":9}},"896":{"start":{"line":897,"column":0},"end":{"line":897,"column":9}},"897":{"start":{"line":898,"column":0},"end":{"line":898,"column":9}},"898":{"start":{"line":899,"column":0},"end":{"line":899,"column":9}},"899":{"start":{"line":900,"column":0},"end":{"line":900,"column":9}},"900":{"start":{"line":901,"column":0},"end":{"line":901,"column":9}},"901":{"start":{"line":902,"column":0},"end":{"line":902,"column":9}},"902":{"start":{"line":903,"column":0},"end":{"line":903,"column":9}},"903":{"start":{"line":904,"column":0},"end":{"line":904,"column":9}},"904":{"start":{"line":905,"column":0},"end":{"line":905,"column":9}},"905":{"start":{"line":906,"column":0},"end":{"line":906,"column":9}},"906":{"start":{"line":907,"column":0},"end":{"line":907,"column":9}},"907":{"start":{"line":908,"column":0},"end":{"line":908,"column":9}},"908":{"start":{"line":909,"column":0},"end":{"line":909,"column":9}},"909":{"start":{"line":910,"column":0},"end":{"line":910,"column":9}},"910":{"start":{"line":911,"column":0},"end":{"line":911,"column":9}},"911":{"start":{"line":912,"column":0},"end":{"line":912,"column":9}},"912":{"start":{"line":913,"column":0},"end":{"line":913,"column":9}},"913":{"start":{"line":914,"column":0},"end":{"line":914,"column":9}},"914":{"start":{"line":915,"column":0},"end":{"line":915,"column":9}},"915":{"start":{"line":916,"column":0},"end":{"line":916,"column":9}},"916":{"start":{"line":917,"column":0},"end":{"line":917,"column":9}},"917":{"start":{"line":918,"column":0},"end":{"line":918,"column":9}},"918":{"start":{"line":919,"column":0},"end":{"line":919,"column":9}},"919":{"start":{"line":920,"column":0},"end":{"line":920,"column":9}},"920":{"start":{"line":921,"column":0},"end":{"line":921,"column":9}},"921":{"start":{"line":922,"column":0},"end":{"line":922,"column":9}},"922":{"start":{"line":923,"column":0},"end":{"line":923,"column":9}},"923":{"start":{"line":924,"column":0},"end":{"line":924,"column":9}},"924":{"start":{"line":925,"column":0},"end":{"line":925,"column":9}},"925":{"start":{"line":926,"column":0},"end":{"line":926,"column":9}},"926":{"start":{"line":927,"column":0},"end":{"line":927,"column":9}},"927":{"start":{"line":928,"column":0},"end":{"line":928,"column":9}},"928":{"start":{"line":929,"column":0},"end":{"line":929,"column":9}},"929":{"start":{"line":930,"column":0},"end":{"line":930,"column":9}},"930":{"start":{"line":931,"column":0},"end":{"line":931,"column":9}},"931":{"start":{"line":932,"column":0},"end":{"line":932,"column":9}},"932":{"start":{"line":933,"column":0},"end":{"line":933,"column":9}},"933":{"start":{"line":934,"column":0},"end":{"line":934,"column":9}},"934":{"start":{"line":935,"column":0},"end":{"line":935,"column":9}},"935":{"start":{"line":936,"column":0},"end":{"line":936,"column":9}},"936":{"start":{"line":937,"column":0},"end":{"line":937,"column":9}},"937":{"start":{"line":938,"column":0},"end":{"line":938,"column":9}},"938":{"start":{"line":939,"column":0},"end":{"line":939,"column":9}},"939":{"start":{"line":940,"column":0},"end":{"line":940,"column":9}},"940":{"start":{"line":941,"column":0},"end":{"line":941,"column":9}},"941":{"start":{"line":942,"column":0},"end":{"line":942,"column":9}},"942":{"start":{"line":943,"column":0},"end":{"line":943,"column":9}},"943":{"start":{"line":944,"column":0},"end":{"line":944,"column":9}},"944":{"start":{"line":945,"column":0},"end":{"line":945,"column":9}},"945":{"start":{"line":946,"column":0},"end":{"line":946,"column":9}},"946":{"start":{"line":947,"column":0},"end":{"line":947,"column":9}},"947":{"start":{"line":948,"column":0},"end":{"line":948,"column":9}},"948":{"start":{"line":949,"column":0},"end":{"line":949,"column":10}},"949":{"start":{"line":950,"column":0},"end":{"line":950,"column":10}},"950":{"start":{"line":951,"column":0},"end":{"line":951,"column":10}},"951":{"start":{"line":952,"column":0},"end":{"line":952,"column":10}},"952":{"start":{"line":953,"column":0},"end":{"line":953,"column":10}},"953":{"start":{"line":954,"column":0},"end":{"line":954,"column":10}},"954":{"start":{"line":955,"column":0},"end":{"line":955,"column":10}},"955":{"start":{"line":956,"column":0},"end":{"line":956,"column":10}},"956":{"start":{"line":957,"column":0},"end":{"line":957,"column":10}},"957":{"start":{"line":958,"column":0},"end":{"line":958,"column":10}},"958":{"start":{"line":959,"column":0},"end":{"line":959,"column":10}},"959":{"start":{"line":960,"column":0},"end":{"line":960,"column":10}},"960":{"start":{"line":961,"column":0},"end":{"line":961,"column":10}},"961":{"start":{"line":962,"column":0},"end":{"line":962,"column":10}},"962":{"start":{"line":963,"column":0},"end":{"line":963,"column":10}},"963":{"start":{"line":964,"column":0},"end":{"line":964,"column":10}},"964":{"start":{"line":965,"column":0},"end":{"line":965,"column":10}},"965":{"start":{"line":966,"column":0},"end":{"line":966,"column":10}},"966":{"start":{"line":967,"column":0},"end":{"line":967,"column":10}},"967":{"start":{"line":968,"column":0},"end":{"line":968,"column":9}},"968":{"start":{"line":969,"column":0},"end":{"line":969,"column":10}},"969":{"start":{"line":970,"column":0},"end":{"line":970,"column":10}},"970":{"start":{"line":971,"column":0},"end":{"line":971,"column":10}},"971":{"start":{"line":972,"column":0},"end":{"line":972,"column":10}},"972":{"start":{"line":973,"column":0},"end":{"line":973,"column":9}},"973":{"start":{"line":974,"column":0},"end":{"line":974,"column":9}},"974":{"start":{"line":975,"column":0},"end":{"line":975,"column":9}},"975":{"start":{"line":976,"column":0},"end":{"line":976,"column":9}},"976":{"start":{"line":977,"column":0},"end":{"line":977,"column":9}},"977":{"start":{"line":978,"column":0},"end":{"line":978,"column":9}},"978":{"start":{"line":979,"column":0},"end":{"line":979,"column":9}},"979":{"start":{"line":980,"column":0},"end":{"line":980,"column":9}},"980":{"start":{"line":981,"column":0},"end":{"line":981,"column":9}},"981":{"start":{"line":982,"column":0},"end":{"line":982,"column":9}},"982":{"start":{"line":983,"column":0},"end":{"line":983,"column":9}},"983":{"start":{"line":984,"column":0},"end":{"line":984,"column":9}},"984":{"start":{"line":985,"column":0},"end":{"line":985,"column":9}},"985":{"start":{"line":986,"column":0},"end":{"line":986,"column":9}},"986":{"start":{"line":987,"column":0},"end":{"line":987,"column":9}},"987":{"start":{"line":988,"column":0},"end":{"line":988,"column":9}},"988":{"start":{"line":989,"column":0},"end":{"line":989,"column":9}},"989":{"start":{"line":990,"column":0},"end":{"line":990,"column":8}},"990":{"start":{"line":991,"column":0},"end":{"line":991,"column":4}},"991":{"start":{"line":992,"column":0},"end":{"line":992,"column":35}},"992":{"start":{"line":993,"column":0},"end":{"line":993,"column":24}},"993":{"start":{"line":994,"column":0},"end":{"line":994,"column":33}},"994":{"start":{"line":995,"column":0},"end":{"line":995,"column":45}},"995":{"start":{"line":996,"column":0},"end":{"line":996,"column":17}},"996":{"start":{"line":997,"column":0},"end":{"line":997,"column":45}},"997":{"start":{"line":998,"column":0},"end":{"line":998,"column":41}},"998":{"start":{"line":999,"column":0},"end":{"line":999,"column":45}},"999":{"start":{"line":1000,"column":0},"end":{"line":1000,"column":18}},"1000":{"start":{"line":1001,"column":0},"end":{"line":1001,"column":15}},"1001":{"start":{"line":1002,"column":0},"end":{"line":1002,"column":3}},"1002":{"start":{"line":1003,"column":0},"end":{"line":1003,"column":35}},"1003":{"start":{"line":1004,"column":0},"end":{"line":1004,"column":27}},"1004":{"start":{"line":1005,"column":0},"end":{"line":1005,"column":18}},"1005":{"start":{"line":1006,"column":0},"end":{"line":1006,"column":18}},"1006":{"start":{"line":1007,"column":0},"end":{"line":1007,"column":33}},"1007":{"start":{"line":1008,"column":0},"end":{"line":1008,"column":20}},"1008":{"start":{"line":1009,"column":0},"end":{"line":1009,"column":35}},"1009":{"start":{"line":1010,"column":0},"end":{"line":1010,"column":48}},"1010":{"start":{"line":1011,"column":0},"end":{"line":1011,"column":48}},"1011":{"start":{"line":1012,"column":0},"end":{"line":1012,"column":18}},"1012":{"start":{"line":1013,"column":0},"end":{"line":1013,"column":19}},"1013":{"start":{"line":1014,"column":0},"end":{"line":1014,"column":5}},"1014":{"start":{"line":1015,"column":0},"end":{"line":1015,"column":22}},"1015":{"start":{"line":1016,"column":0},"end":{"line":1016,"column":18}},"1016":{"start":{"line":1017,"column":0},"end":{"line":1017,"column":51}},"1017":{"start":{"line":1018,"column":0},"end":{"line":1018,"column":38}},"1018":{"start":{"line":1019,"column":0},"end":{"line":1019,"column":33}},"1019":{"start":{"line":1020,"column":0},"end":{"line":1020,"column":29}},"1020":{"start":{"line":1021,"column":0},"end":{"line":1021,"column":41}},"1021":{"start":{"line":1022,"column":0},"end":{"line":1022,"column":18}},"1022":{"start":{"line":1023,"column":0},"end":{"line":1023,"column":23}},"1023":{"start":{"line":1024,"column":0},"end":{"line":1024,"column":35}},"1024":{"start":{"line":1025,"column":0},"end":{"line":1025,"column":29}},"1025":{"start":{"line":1026,"column":0},"end":{"line":1026,"column":28}},"1026":{"start":{"line":1027,"column":0},"end":{"line":1027,"column":10}},"1027":{"start":{"line":1028,"column":0},"end":{"line":1028,"column":28}},"1028":{"start":{"line":1029,"column":0},"end":{"line":1029,"column":5}},"1029":{"start":{"line":1030,"column":0},"end":{"line":1030,"column":19}},"1030":{"start":{"line":1031,"column":0},"end":{"line":1031,"column":35}},"1031":{"start":{"line":1032,"column":0},"end":{"line":1032,"column":25}},"1032":{"start":{"line":1033,"column":0},"end":{"line":1033,"column":21}},"1033":{"start":{"line":1034,"column":0},"end":{"line":1034,"column":51}},"1034":{"start":{"line":1035,"column":0},"end":{"line":1035,"column":52}},"1035":{"start":{"line":1036,"column":0},"end":{"line":1036,"column":21}},"1036":{"start":{"line":1037,"column":0},"end":{"line":1037,"column":5}},"1037":{"start":{"line":1038,"column":0},"end":{"line":1038,"column":35}},"1038":{"start":{"line":1039,"column":0},"end":{"line":1039,"column":28}},"1039":{"start":{"line":1040,"column":0},"end":{"line":1040,"column":23}},"1040":{"start":{"line":1041,"column":0},"end":{"line":1041,"column":5}},"1041":{"start":{"line":1042,"column":0},"end":{"line":1042,"column":39}},"1042":{"start":{"line":1043,"column":0},"end":{"line":1043,"column":80}},"1043":{"start":{"line":1044,"column":0},"end":{"line":1044,"column":24}},"1044":{"start":{"line":1045,"column":0},"end":{"line":1045,"column":7}},"1045":{"start":{"line":1046,"column":0},"end":{"line":1046,"column":115}},"1046":{"start":{"line":1047,"column":0},"end":{"line":1047,"column":32}},"1047":{"start":{"line":1048,"column":0},"end":{"line":1048,"column":7}},"1048":{"start":{"line":1049,"column":0},"end":{"line":1049,"column":5}},"1049":{"start":{"line":1050,"column":0},"end":{"line":1050,"column":35}},"1050":{"start":{"line":1051,"column":0},"end":{"line":1051,"column":28}},"1051":{"start":{"line":1052,"column":0},"end":{"line":1052,"column":17}},"1052":{"start":{"line":1053,"column":0},"end":{"line":1053,"column":12}},"1053":{"start":{"line":1054,"column":0},"end":{"line":1054,"column":55}},"1054":{"start":{"line":1055,"column":0},"end":{"line":1055,"column":24}},"1055":{"start":{"line":1056,"column":0},"end":{"line":1056,"column":56}},"1056":{"start":{"line":1057,"column":0},"end":{"line":1057,"column":24}},"1057":{"start":{"line":1058,"column":0},"end":{"line":1058,"column":5}},"1058":{"start":{"line":1059,"column":0},"end":{"line":1059,"column":35}},"1059":{"start":{"line":1060,"column":0},"end":{"line":1060,"column":25}},"1060":{"start":{"line":1061,"column":0},"end":{"line":1061,"column":63}},"1061":{"start":{"line":1062,"column":0},"end":{"line":1062,"column":24}},"1062":{"start":{"line":1063,"column":0},"end":{"line":1063,"column":5}},"1063":{"start":{"line":1064,"column":0},"end":{"line":1064,"column":19}},"1064":{"start":{"line":1065,"column":0},"end":{"line":1065,"column":35}},"1065":{"start":{"line":1066,"column":0},"end":{"line":1066,"column":25}},"1066":{"start":{"line":1067,"column":0},"end":{"line":1067,"column":21}},"1067":{"start":{"line":1068,"column":0},"end":{"line":1068,"column":49}},"1068":{"start":{"line":1069,"column":0},"end":{"line":1069,"column":38}},"1069":{"start":{"line":1070,"column":0},"end":{"line":1070,"column":21}},"1070":{"start":{"line":1071,"column":0},"end":{"line":1071,"column":5}},"1071":{"start":{"line":1072,"column":0},"end":{"line":1072,"column":35}},"1072":{"start":{"line":1073,"column":0},"end":{"line":1073,"column":28}},"1073":{"start":{"line":1074,"column":0},"end":{"line":1074,"column":17}},"1074":{"start":{"line":1075,"column":0},"end":{"line":1075,"column":22}},"1075":{"start":{"line":1076,"column":0},"end":{"line":1076,"column":46}},"1076":{"start":{"line":1077,"column":0},"end":{"line":1077,"column":14}},"1077":{"start":{"line":1078,"column":0},"end":{"line":1078,"column":48}},"1078":{"start":{"line":1079,"column":0},"end":{"line":1079,"column":49}},"1079":{"start":{"line":1080,"column":0},"end":{"line":1080,"column":46}},"1080":{"start":{"line":1081,"column":0},"end":{"line":1081,"column":45}},"1081":{"start":{"line":1082,"column":0},"end":{"line":1082,"column":26}},"1082":{"start":{"line":1083,"column":0},"end":{"line":1083,"column":37}},"1083":{"start":{"line":1084,"column":0},"end":{"line":1084,"column":26}},"1084":{"start":{"line":1085,"column":0},"end":{"line":1085,"column":7}},"1085":{"start":{"line":1086,"column":0},"end":{"line":1086,"column":18}},"1086":{"start":{"line":1087,"column":0},"end":{"line":1087,"column":5}},"1087":{"start":{"line":1088,"column":0},"end":{"line":1088,"column":35}},"1088":{"start":{"line":1089,"column":0},"end":{"line":1089,"column":28}},"1089":{"start":{"line":1090,"column":0},"end":{"line":1090,"column":21}},"1090":{"start":{"line":1091,"column":0},"end":{"line":1091,"column":5}},"1091":{"start":{"line":1092,"column":0},"end":{"line":1092,"column":35}},"1092":{"start":{"line":1093,"column":0},"end":{"line":1093,"column":25}},"1093":{"start":{"line":1094,"column":0},"end":{"line":1094,"column":34}},"1094":{"start":{"line":1095,"column":0},"end":{"line":1095,"column":22}},"1095":{"start":{"line":1096,"column":0},"end":{"line":1096,"column":22}},"1096":{"start":{"line":1097,"column":0},"end":{"line":1097,"column":42}},"1097":{"start":{"line":1098,"column":0},"end":{"line":1098,"column":25}},"1098":{"start":{"line":1099,"column":0},"end":{"line":1099,"column":57}},"1099":{"start":{"line":1100,"column":0},"end":{"line":1100,"column":20}},"1100":{"start":{"line":1101,"column":0},"end":{"line":1101,"column":7}},"1101":{"start":{"line":11
[...]
74":{"start":{"line":275,"column":0},"end":{"line":275,"column":10}},"275":{"start":{"line":276,"column":0},"end":{"line":276,"column":4}},"276":{"start":{"line":277,"column":0},"end":{"line":277,"column":69}},"277":{"start":{"line":278,"column":0},"end":{"line":278,"column":46}},"278":{"start":{"line":279,"column":0},"end":{"line":279,"column":36}},"279":{"start":{"line":280,"column":0},"end":{"line":280,"column":46}},"280":{"start":{"line":281,"column":0},"end":{"line":281,"column":61}},"281":{"start":{"line":282,"column":0},"end":{"line":282,"column":3}},"282":{"start":{"line":283,"column":0},"end":{"line":283,"column":50}},"283":{"start":{"line":284,"column":0},"end":{"line":284,"column":2}},"284":{"start":{"line":285,"column":0},"end":{"line":285,"column":1}},"285":{"start":{"line":286,"column":0},"end":{"line":286,"column":0}},"286":{"start":{"line":287,"column":0},"end":{"line":287,"column":3}},"287":{"start":{"line":288,"column":0},"end":{"line":288,"column":30}},"288":{"start":{"line":289,"column":0},"end":{"line":289,"column":3}},"289":{"start":{"line":290,"column":0},"end":{"line":290,"column":33}},"290":{"start":{"line":291,"column":0},"end":{"line":291,"column":45}},"291":{"start":{"line":292,"column":0},"end":{"line":292,"column":37}},"292":{"start":{"line":293,"column":0},"end":{"line":293,"column":46}},"293":{"start":{"line":294,"column":0},"end":{"line":294,"column":86}},"294":{"start":{"line":295,"column":0},"end":{"line":295,"column":36}},"295":{"start":{"line":296,"column":0},"end":{"line":296,"column":0}},"296":{"start":{"line":297,"column":0},"end":{"line":297,"column":24}},"297":{"start":{"line":298,"column":0},"end":{"line":298,"column":26}},"298":{"start":{"line":299,"column":0},"end":{"line":299,"column":35}},"299":{"start":{"line":300,"column":0},"end":{"line":300,"column":27}},"300":{"start":{"line":301,"column":0},"end":{"line":301,"column":2}},"301":{"start":{"line":302,"column":0},"end":{"line":302,"column":0}},"302":{"start":{"line":303,"column":0},"end":{"line":303,"column":4}},"303":{"start":{"line":304,"column":0},"end":{"line":304,"column":30}},"304":{"start":{"line":305,"column":0},"end":{"line":305,"column":4}},"305":{"start":{"line":306,"column":0},"end":{"line":306,"column":43}},"306":{"start":{"line":307,"column":0},"end":{"line":307,"column":37}},"307":{"start":{"line":308,"column":0},"end":{"line":308,"column":58}},"308":{"start":{"line":309,"column":0},"end":{"line":309,"column":3}},"309":{"start":{"line":310,"column":0},"end":{"line":310,"column":37}},"310":{"start":{"line":311,"column":0},"end":{"line":311,"column":2}},"311":{"start":{"line":312,"column":0},"end":{"line":312,"column":0}},"312":{"start":{"line":313,"column":0},"end":{"line":313,"column":4}},"313":{"start":{"line":314,"column":0},"end":{"line":314,"column":8}},"314":{"start":{"line":315,"column":0},"end":{"line":315,"column":4}},"315":{"start":{"line":316,"column":0},"end":{"line":316,"column":33}},"316":{"start":{"line":317,"column":0},"end":{"line":317,"column":43}},"317":{"start":{"line":318,"column":0},"end":{"line":318,"column":2}},"318":{"start":{"line":319,"column":0},"end":{"line":319,"column":0}},"319":{"start":{"line":320,"column":0},"end":{"line":320,"column":4}},"320":{"start":{"line":321,"column":0},"end":{"line":321,"column":19}},"321":{"start":{"line":322,"column":0},"end":{"line":322,"column":4}},"322":{"start":{"line":323,"column":0},"end":{"line":323,"column":33}},"323":{"start":{"line":324,"column":0},"end":{"line":324,"column":42}},"324":{"start":{"line":325,"column":0},"end":{"line":325,"column":32}},"325":{"start":{"line":326,"column":0},"end":{"line":326,"column":39}},"326":{"start":{"line":327,"column":0},"end":{"line":327,"column":50}},"327":{"start":{"line":328,"column":0},"end":{"line":328,"column":12}},"328":{"start":{"line":329,"column":0},"end":{"line":329,"column":3}},"329":{"start":{"line":330,"column":0},"end":{"line":330,"column":0}},"330":{"start":{"line":331,"column":0},"end":{"line":331,"column":49}},"331":{"start":{"line":332,"column":0},"end":{"line":332,"column":27}},"332":{"start":{"line":333,"column":0},"end":{"line":333,"column":43}},"333":{"start":{"line":334,"column":0},"end":{"line":334,"column":18}},"334":{"start":{"line":335,"column":0},"end":{"line":335,"column":2}},"335":{"start":{"line":336,"column":0},"end":{"line":336,"column":0}},"336":{"start":{"line":337,"column":0},"end":{"line":337,"column":4}},"337":{"start":{"line":338,"column":0},"end":{"line":338,"column":10}},"338":{"start":{"line":339,"column":0},"end":{"line":339,"column":4}},"339":{"start":{"line":340,"column":0},"end":{"line":340,"column":35}},"340":{"start":{"line":341,"column":0},"end":{"line":341,"column":10}},"341":{"start":{"line":342,"column":0},"end":{"line":342,"column":32}},"342":{"start":{"line":343,"column":0},"end":{"line":343,"column":50}},"343":{"start":{"line":344,"column":0},"end":{"line":344,"column":43}},"344":{"start":{"line":345,"column":0},"end":{"line":345,"column":4}},"345":{"start":{"line":346,"column":0},"end":{"line":346,"column":2}},"346":{"start":{"line":347,"column":0},"end":{"line":347,"column":0}},"347":{"start":{"line":348,"column":0},"end":{"line":348,"column":4}},"348":{"start":{"line":349,"column":0},"end":{"line":349,"column":9}},"349":{"start":{"line":350,"column":0},"end":{"line":350,"column":4}},"350":{"start":{"line":351,"column":0},"end":{"line":351,"column":68}},"351":{"start":{"line":352,"column":0},"end":{"line":352,"column":28}},"352":{"start":{"line":353,"column":0},"end":{"line":353,"column":8}},"353":{"start":{"line":354,"column":0},"end":{"line":354,"column":12}},"354":{"start":{"line":355,"column":0},"end":{"line":355,"column":24}},"355":{"start":{"line":356,"column":0},"end":{"line":356,"column":5}},"356":{"start":{"line":357,"column":0},"end":{"line":357,"column":0}},"357":{"start":{"line":358,"column":0},"end":{"line":358,"column":55}},"358":{"start":{"line":359,"column":0},"end":{"line":359,"column":31}},"359":{"start":{"line":360,"column":0},"end":{"line":360,"column":3}},"360":{"start":{"line":361,"column":0},"end":{"line":361,"column":2}},"361":{"start":{"line":362,"column":0},"end":{"line":362,"column":0}},"362":{"start":{"line":363,"column":0},"end":{"line":363,"column":4}},"363":{"start":{"line":364,"column":0},"end":{"line":364,"column":14}},"364":{"start":{"line":365,"column":0},"end":{"line":365,"column":4}},"365":{"start":{"line":366,"column":0},"end":{"line":366,"column":51}},"366":{"start":{"line":367,"column":0},"end":{"line":367,"column":38}},"367":{"start":{"line":368,"column":0},"end":{"line":368,"column":36}},"368":{"start":{"line":369,"column":0},"end":{"line":369,"column":0}},"369":{"start":{"line":370,"column":0},"end":{"line":370,"column":59}},"370":{"start":{"line":371,"column":0},"end":{"line":371,"column":30}},"371":{"start":{"line":372,"column":0},"end":{"line":372,"column":84}},"372":{"start":{"line":373,"column":0},"end":{"line":373,"column":45}},"373":{"start":{"line":374,"column":0},"end":{"line":374,"column":4}},"374":{"start":{"line":375,"column":0},"end":{"line":375,"column":3}},"375":{"start":{"line":376,"column":0},"end":{"line":376,"column":2}},"376":{"start":{"line":377,"column":0},"end":{"line":377,"column":0}},"377":{"start":{"line":378,"column":0},"end":{"line":378,"column":4}},"378":{"start":{"line":379,"column":0},"end":{"line":379,"column":15}},"379":{"start":{"line":380,"column":0},"end":{"line":380,"column":4}},"380":{"start":{"line":381,"column":0},"end":{"line":381,"column":72}},"381":{"start":{"line":382,"column":0},"end":{"line":382,"column":24}},"382":{"start":{"line":383,"column":0},"end":{"line":383,"column":7}},"383":{"start":{"line":384,"column":0},"end":{"line":384,"column":21}},"384":{"start":{"line":385,"column":0},"end":{"line":385,"column":13}},"385":{"start":{"line":386,"column":0},"end":{"line":386,"column":40}},"386":{"start":{"line":387,"column":0},"end":{"line":387,"column":24}},"387":{"start":{"line":388,"column":0},"end":{"line":388,"column":40}},"388":{"start":{"line":389,"column":0},"end":{"line":389,"column":68}},"389":{"start":{"line":390,"column":0},"end":{"line":390,"column":4}},"390":{"start":{"line":391,"column":0},"end":{"line":391,"column":3}},"391":{"start":{"line":392,"column":0},"end":{"line":392,"column":2}},"392":{"start":{"line":393,"column":0},"end":{"line":393,"column":0}},"393":{"start":{"line":394,"column":0},"end":{"line":394,"column":4}},"394":{"start":{"line":395,"column":0},"end":{"line":395,"column":15}},"395":{"start":{"line":396,"column":0},"end":{"line":396,"column":4}},"396":{"start":{"line":397,"column":0},"end":{"line":397,"column":43}},"397":{"start":{"line":398,"column":0},"end":{"line":398,"column":24}},"398":{"start":{"line":399,"column":0},"end":{"line":399,"column":7}},"399":{"start":{"line":400,"column":0},"end":{"line":400,"column":15}},"400":{"start":{"line":401,"column":0},"end":{"line":401,"column":13}},"401":{"start":{"line":402,"column":0},"end":{"line":402,"column":40}},"402":{"start":{"line":403,"column":0},"end":{"line":403,"column":24}},"403":{"start":{"line":404,"column":0},"end":{"line":404,"column":40}},"404":{"start":{"line":405,"column":0},"end":{"line":405,"column":68}},"405":{"start":{"line":406,"column":0},"end":{"line":406,"column":4}},"406":{"start":{"line":407,"column":0},"end":{"line":407,"column":3}},"407":{"start":{"line":408,"column":0},"end":{"line":408,"column":2}},"408":{"start":{"line":409,"column":0},"end":{"line":409,"column":0}},"409":{"start":{"line":410,"column":0},"end":{"line":410,"column":4}},"410":{"start":{"line":411,"column":0},"end":{"line":411,"column":13}},"411":{"start":{"line":412,"column":0},"end":{"line":412,"column":4}},"412":{"start":{"line":413,"column":0},"end":{"line":413,"column":30}},"413":{"start":{"line":414,"column":0},"end":{"line":414,"column":40}},"414":{"start":{"line":415,"column":0},"end":{"line":415,"column":2}},"415":{"start":{"line":416,"column":0},"end":{"line":416,"column":0}},"416":{"start":{"line":417,"column":0},"end":{"line":417,"column":4}},"417":{"start":{"line":418,"column":0},"end":{"line":418,"column":15}},"418":{"start":{"line":419,"column":0},"end":{"line":419,"column":4}},"419":{"start":{"line":420,"column":0},"end":{"line":420,"column":83}},"420":{"start":{"line":421,"column":0},"end":{"line":421,"column":73}},"421":{"start":{"line":422,"column":0},"end":{"line":422,"column":0}},"422":{"start":{"line":423,"column":0},"end":{"line":423,"column":56}},"423":{"start":{"line":424,"column":0},"end":{"line":424,"column":62}},"424":{"start":{"line":425,"column":0},"end":{"line":425,"column":30}},"425":{"start":{"line":426,"column":0},"end":{"line":426,"column":23}},"426":{"start":{"line":427,"column":0},"end":{"line":427,"column":29}},"427":{"start":{"line":428,"column":0},"end":{"line":428,"column":3}},"428":{"start":{"line":429,"column":0},"end":{"line":429,"column":0}},"429":{"start":{"line":430,"column":0},"end":{"line":430,"column":61}},"430":{"start":{"line":431,"column":0},"end":{"line":431,"column":8}},"431":{"start":{"line":432,"column":0},"end":{"line":432,"column":40}},"432":{"start":{"line":433,"column":0},"end":{"line":433,"column":20}},"433":{"start":{"line":434,"column":0},"end":{"line":434,"column":6}},"434":{"start":{"line":435,"column":0},"end":{"line":435,"column":2}},"435":{"start":{"line":436,"column":0},"end":{"line":436,"column":0}},"436":{"start":{"line":437,"column":0},"end":{"line":437,"column":4}},"437":{"start":{"line":438,"column":0},"end":{"line":438,"column":17}},"438":{"start":{"line":439,"column":0},"end":{"line":439,"column":4}},"439":{"start":{"line":440,"column":0},"end":{"line":440,"column":16}},"440":{"start":{"line":441,"column":0},"end":{"line":441,"column":22}},"441":{"start":{"line":442,"column":0},"end":{"line":442,"column":31}},"442":{"start":{"line":443,"column":0},"end":{"line":443,"column":27}},"443":{"start":{"line":444,"column":0},"end":{"line":444,"column":2}},"444":{"start":{"line":445,"column":0},"end":{"line":445,"column":1}},"445":{"start":{"line":446,"column":0},"end":{"line":446,"column":0}},"446":{"start":{"line":447,"column":0},"end":{"line":447,"column":3}},"447":{"start":{"line":448,"column":0},"end":{"line":448,"column":9}},"448":{"start":{"line":449,"column":0},"end":{"line":449,"column":3}},"449":{"start":{"line":450,"column":0},"end":{"line":450,"column":37}},"450":{"start":{"line":451,"column":0},"end":{"line":451,"column":22}},"451":{"start":{"line":452,"column":0},"end":{"line":452,"column":23}},"452":{"start":{"line":453,"column":0},"end":{"line":453,"column":34}},"453":{"start":{"line":454,"column":0},"end":{"line":454,"column":2}},"454":{"start":{"line":455,"column":0},"end":{"line":455,"column":0}},"455":{"start":{"line":456,"column":0},"end":{"line":456,"column":3}},"456":{"start":{"line":457,"column":0},"end":{"line":457,"column":13}},"457":{"start":{"line":458,"column":0},"end":{"line":458,"column":3}},"458":{"start":{"line":459,"column":0},"end":{"line":459,"column":56}},"459":{"start":{"line":460,"column":0},"end":{"line":460,"column":0}},"460":{"start":{"line":461,"column":0},"end":{"line":461,"column":3}},"461":{"start":{"line":462,"column":0},"end":{"line":462,"column":16}},"462":{"start":{"line":463,"column":0},"end":{"line":463,"column":3}},"463":{"start":{"line":464,"column":0},"end":{"line":464,"column":55}},"464":{"start":{"line":465,"column":0},"end":{"line":465,"column":0}},"465":{"start":{"line":466,"column":0},"end":{"line":466,"column":3}},"466":{"start":{"line":467,"column":0},"end":{"line":467,"column":15}},"467":{"start":{"line":468,"column":0},"end":{"line":468,"column":3}},"468":{"start":{"line":469,"column":0},"end":{"line":469,"column":67}},"469":{"start":{"line":470,"column":0},"end":{"line":470,"column":0}},"470":{"start":{"line":471,"column":0},"end":{"line":471,"column":3}},"471":{"start":{"line":472,"column":0},"end":{"line":472,"column":16}},"472":{"start":{"line":473,"column":0},"end":{"line":473,"column":3}},"473":{"start":{"line":474,"column":0},"end":{"line":474,"column":62}},"474":{"start":{"line":475,"column":0},"end":{"line":475,"column":32}},"475":{"start":{"line":476,"column":0},"end":{"line":476,"column":1}},"476":{"start":{"line":477,"column":0},"end":{"line":477,"column":0}},"477":{"start":{"line":478,"column":0},"end":{"line":478,"column":3}},"478":{"start":{"line":479,"column":0},"end":{"line":479,"column":16}},"479":{"start":{"line":480,"column":0},"end":{"line":480,"column":3}},"480":{"start":{"line":481,"column":0},"end":{"line":481,"column":61}},"481":{"start":{"line":482,"column":0},"end":{"line":482,"column":31}},"482":{"start":{"line":483,"column":0},"end":{"line":483,"column":1}},"483":{"start":{"line":484,"column":0},"end":{"line":484,"column":0}},"484":{"start":{"line":485,"column":0},"end":{"line":485,"column":3}},"485":{"start":{"line":486,"column":0},"end":{"line":486,"column":16}},"486":{"start":{"line":487,"column":0},"end":{"line":487,"column":3}},"487":{"start":{"line":488,"column":0},"end":{"line":488,"column":61}},"488":{"start":{"line":489,"column":0},"end":{"line":489,"column":31}},"489":{"start":{"line":490,"column":0},"end":{"line":490,"column":1}},"490":{"start":{"line":491,"column":0},"end":{"line":491,"column":0}},"491":{"start":{"line":492,"column":0},"end":{"line":492,"column":3}},"492":{"start":{"line":493,"column":0},"end":{"line":493,"column":16}},"493":{"start":{"line":494,"column":0},"end":{"line":494,"column":3}},"494":{"start":{"line":495,"column":0},"end":{"line":495,"column":62}},"495":{"start":{"line":496,"column":0},"end":{"line":496,"column":32}},"496":{"start":{"line":497,"column":0},"end":{"line":497,"column":1}}},"s":{"0":0,"1":0,"2":0,"3":0,"4":0,"5":0,"6":0,"7":0,"8":0,"9":0,"10":0,"11":0,"12":0,"13":0,"14":0,"15":0,"16":0,"17":0,"18":0,"19":0,"20":0,"21":0,"22":0,"23":0,"24":0,"25":0,"26":0,"27":0,"28":0,"29":0,"30":0,"31":0,"32":0,"33":0,"34":0,"35":0,"36":0,"37":0,"38":0,"39":0,"40":0,"41":0,"42":0,"43":0,"44":0,"45":0,"46":0,"47":0,"48":0,"49":0,"50":0,"51":0,"52":0,"53":0,"54":0,"55":0,"56":0,"57":0,"58":0,"59":0,"60":0,"61":0,"62":0,"63":0,"64":0,"65":0,"66":0,"67":0,"68":0,"69":0,"70":0,"71":0,"72":0,"73":0,"74":0,"75":0,"76":0,"77":0,"78":0,"79":0,"80":0,"81":0,"82":0,"83":0,"84":0,"85":0,"86":0,"87":0,"88":0,"89":0,"90":0,"91":0,"92":0,"93":0,"94":0,"95":0,"96":0,"97":0,"98":0,"99":0,"100":0,"101":0,"102":0,"103":0,"104":0,"105":0,"106":0,"107":0,"108":0,"109":0,"110":0,"111":0,"112":0,"113":0,"114":0,"115":0,"116":0,"117":0,"118":0,"119":0,"120":0,"121":0,"122":0,"123":0,"124":0,"125":0,"126":0,"127":0,"128":0,"129":0,"130":0,"131":0,"132":0,"133":0,"134":0,"135":0,"136":0,"137":0,"138":0,"139":0,"140":0,"141":0,"142":0,"143":0,"144":0,"145":0,"146":0,"147":0,"148":0,"149":0,"150":0,"151":0,"152":0,"153":0,"154":0,"155":0,"156":0,"157":0,"158":0,"159":0,"160":0,"161":0,"162":0,"163":0,"164":0,"165":0,"166":0,"167":0,"168":0,"169":0,"170":0,"171":0,"172":0,"173":0,"174":0,"175":0,"176":0,"177":0,"178":0,"179":0,"180":0,"181":0,"182":0,"183":0,"184":0,"185":0,"186":0,"187":0,"188":0,"189":0,"190":0,"191":0,"192":0,"193":0,"194":0,"195":0,"196":0,"197":0,"198":0,"199":0,"200":0,"201":0,"202":0,"203":0,"204":0,"205":0,"206":0,"207":0,"208":0,"209":0,"210":0,"211":0,"212":0,"213":0,"214":0,"215":0,"216":0,"217":0,"218":0,"219":0,"220":0,"221":0,"222":0,"223":0,"224":0,"225":0,"226":0,"227":0,"228":0,"229":0,"230":0,"231":0,"232":0,"233":0,"234":0,"235":0,"236":0,"237":0,"238":0,"239":0,"240":0,"241":0,"242":0,"243":0,"244":0,"245":0,"246":0,"247":0,"248":0,"249":0,"250":0,"251":0,"252":0,"253":0,"254":0,"255":0,"256":0,"257":0,"258":0,"259":0,"260":0,"261":0,"262":0,"263":0,"264":0,"265":0,"266":0,"267":0,"268":0,"269":0,"270":0,"271":0,"272":0,"273":0,"274":0,"275":0,"276":0,"277":0,"278":0,"279":0,"280":0,"281":0,"282":0,"283":0,"284":0,"285":0,"286":0,"287":0,"288":0,"289":0,"290":0,"291":0,"292":0,"293":0,"294":0,"295":0,"296":0,"297":0,"298":0,"299":0,"300":0,"301":0,"302":0,"303":0,"304":0,"305":0,"306":0,"307":0,"308":0,"309":0,"310":0,"311":0,"312":0,"313":0,"314":0,"315":0,"316":0,"317":0,"318":0,"319":0,"320":0,"321":0,"322":0,"323":0,"324":0,"325":0,"326":0,"327":0,"328":0,"329":0,"330":0,"331":0,"332":0,"333":0,"334":0,"335":0,"336":0,"337":0,"338":0,"339":0,"340":0,"341":0,"342":0,"343":0,"344":0,"345":0,"346":0,"347":0,"348":0,"349":0,"350":0,"351":0,"352":0,"353":0,"354":0,"355":0,"356":0,"357":0,"358":0,"359":0,"360":0,"361":0,"362":0,"363":0,"364":0,"365":0,"366":0,"367":0,"368":0,"369":0,"370":0,"371":0,"372":0,"373":0,"374":0,"375":0,"376":0,"377":0,"378":0,"379":0,"380":0,"381":0,"382":0,"383":0,"384":0,"385":0,"386":0,"387":0,"388":0,"389":0,"390":0,"391":0,"392":0,"393":0,"394":0,"395":0,"396":0,"397":0,"398":0,"399":0,"400":0,"401":0,"402":0,"403":0,"404":0,"405":0,"406":0,"407":0,"408":0,"409":0,"410":0,"411":0,"412":0,"413":0,"414":0,"415":0,"416":0,"417":0,"418":0,"419":0,"420":0,"421":0,"422":0,"423":0,"424":0,"425":0,"426":0,"427":0,"428":0,"429":0,"430":0,"431":0,"432":0,"433":0,"434":0,"435":0,"436":0,"437":0,"438":0,"439":0,"440":0,"441":0,"442":0,"443":0,"444":0,"445":0,"446":0,"447":0,"448":0,"449":0,"450":0,"451":0,"452":0,"453":0,"454":0,"455":0,"456":0,"457":0,"458":0,"459":0,"460":0,"461":0,"462":0,"463":0,"464":0,"465":0,"466":0,"467":0,"468":0,"469":0,"470":0,"471":0,"472":0,"473":0,"474":0,"475":0,"476":0,"477":0,"478":0,"479":0,"480":0,"481":0,"482":0,"483":0,"484":0,"485":0,"486":0,"487":0,"488":0,"489":0,"490":0,"491":0,"492":0,"493":0,"494":0,"495":0,"496":0},"branchMap":{"0":{"type":"branch","line":1,"loc":{"start":{"line":1,"column":0},"end":{"line":497,"column":1}},"locations":[{"start":{"line":1,"column":0},"end":{"line":497,"column":1}}]}},"b":{"0":[0]},"fnMap":{"0":{"name":"(empty-report)","decl":{"start":{"line":1,"column":0},"end":{"line":497,"column":1}},"loc":{"start":{"line":1,"column":0},"end":{"line":497,"column":1}},"line":1}},"f":{"0":0}}
}
